2020-12-14 19:46:46	INFO	::casa	
2020-12-14 19:46:46	INFO	::casa	Checking telemetry submission interval
2020-12-14 19:46:46	INFO	::casa	Telemetry submit interval not reached. Not submitting data.
2020-12-14 19:46:46	INFO	::casa	Next telemetry data submission in: 5 days, 20:58:57.050432
2020-12-14 19:46:46	INFO	::casa	CASA Version PIPELINE 5.6.2-3  
2020-12-14 19:46:56	INFO	imhead::utils::verify	Verifying arguments....File existence checking failed for imagename /fits/ngc7635_4-5_wide_g0.5_briggs1.050iter_inter.image.5sigmasked.fits
2020-12-14 19:46:56	WARN	imhead::utils::verify	Argument imagename failed to verify.
2020-12-14 19:46:56	SEVERE	imhead::::	An error occurred running task imhead.
2020-12-14 19:47:42	INFO	imhead::utils::verify	Verifying arguments....File existence checking failed for imagename /fits/ngc7635_4-5_wide_g0.5_briggs1.050iter_inter.image.5sigmasked.fits
2020-12-14 19:47:42	WARN	imhead::utils::verify	Argument imagename failed to verify.
2020-12-14 19:47:42	SEVERE	imhead::::	An error occurred running task imhead.
2020-12-14 19:48:12	INFO	imhead::utils::verify	Verifying arguments....File existence checking failed for imagename ngc7635_g0.5_briggs1.0_nsig5.image.tt0.fits
2020-12-14 19:48:12	WARN	imhead::utils::verify	Argument imagename failed to verify.
2020-12-14 19:48:12	SEVERE	imhead::::	An error occurred running task imhead.
2020-12-14 19:49:34	INFO	imhead::utils::verify	Verifying arguments....File existence checking failed for imagename /fits/ngc7635_4-5_wide_g0.5_briggs1.050iter_inter.image.5sigmasked.fits
2020-12-14 19:49:34	WARN	imhead::utils::verify	Argument imagename failed to verify.
2020-12-14 19:49:34	SEVERE	imhead::::	An error occurred running task imhead.
2020-12-14 19:49:48	INFO	imhead::utils::verify	Verifying arguments....File existence checking failed for imagename /fits/ngc7635_4-5_wide_g0.5_briggs1.050iter_inter.image.5sigmasked.fits
2020-12-14 19:49:48	WARN	imhead::utils::verify	Argument imagename failed to verify.
2020-12-14 19:49:48	SEVERE	imhead::::	An error occurred running task imhead.
2020-12-14 19:50:48	INFO	imhead::utils::verify	Verifying arguments....File existence checking failed for imagename /fits/ngc7635_4-5_wide_g0.5_briggs1.050iter_inter.image.5sigmasked.fits
2020-12-14 19:50:48	WARN	imhead::utils::verify	Argument imagename failed to verify.
2020-12-14 19:50:48	SEVERE	imhead::::	An error occurred running task imhead.
2020-12-14 19:51:26	INFO	imhead::utils::verify	Verifying arguments....File existence checking failed for imagename /fits/ngc7635_4-5_wide_g0.5_briggs1.050iter_inter.image.5sigmasked.fits
2020-12-14 19:51:26	WARN	imhead::utils::verify	Argument imagename failed to verify.
2020-12-14 19:51:26	SEVERE	imhead::::	An error occurred running task imhead.
2020-12-14 19:51:58	INFO	imhead::utils::verify	Verifying arguments....File existence checking failed for imagename /fits/ngc7635_4-5_wide_g0.5_briggs1.050iter_inter.image.5sigmasked.fits
2020-12-14 19:51:58	WARN	imhead::utils::verify	Argument imagename failed to verify.
2020-12-14 19:51:58	SEVERE	imhead::::	An error occurred running task imhead.
2020-12-14 19:53:49	INFO	imhead::::	
2020-12-14 19:53:49	INFO	imhead::::+	##########################################
2020-12-14 19:53:49	INFO	imhead::::+	##### Begin Task: imhead             #####
2020-12-14 19:53:49	INFO	imhead::::	imhead(imagename="/home/charlie/college/sophister_proj/fits/ngc7635_4-5_wide_g0.5_briggs1.050iter_inter.image.5sigmasked.fits",mode="get",hdkey="beammajor",hdvalue="",verbose=False)
2020-12-14 19:53:49	INFO	imhead::::	##### End Task: imhead               #####
2020-12-14 19:53:49	INFO	imhead::::+	##########################################
2020-12-14 19:53:49	INFO	imhead::utils::verify	Verifying arguments....File existence checking failed for imagename /fits/ngc7635_4-5_wide_g0.5_briggs1.050iter_inter.image.5sigmasked.fits
2020-12-14 19:53:49	WARN	imhead::utils::verify	Argument imagename failed to verify.
2020-12-14 19:53:49	SEVERE	imhead::::	An error occurred running task imhead.
2020-12-14 19:54:01	INFO	imhead::::	
2020-12-14 19:54:01	INFO	imhead::::+	##########################################
2020-12-14 19:54:01	INFO	imhead::::+	##### Begin Task: imhead             #####
2020-12-14 19:54:01	INFO	imhead::::	imhead(imagename="/home/charlie/college/sophister_proj/fits/ngc7635_4-5_wide_g0.5_briggs1.050iter_inter.image.5sigmasked.fits",mode="get",hdkey="beammajor",hdvalue="",verbose=False)
2020-12-14 19:54:01	INFO	imhead::::	##### End Task: imhead               #####
2020-12-14 19:54:01	INFO	imhead::::+	##########################################
2020-12-14 19:54:01	INFO	imhead::::	
2020-12-14 19:54:01	INFO	imhead::::+	##########################################
2020-12-14 19:54:01	INFO	imhead::::+	##### Begin Task: imhead             #####
2020-12-14 19:54:01	INFO	imhead::::	imhead(imagename="/home/charlie/college/sophister_proj/fits/ngc7635_4-5_wide_g0.5_briggs1.050iter_inter.image.5sigmasked.fits",mode="get",hdkey="beamminor",hdvalue="",verbose=False)
2020-12-14 19:54:01	INFO	imhead::::	##### End Task: imhead               #####
2020-12-14 19:54:01	INFO	imhead::::+	##########################################
2020-12-14 19:54:01	INFO	imstat::utils::verify	Verifying arguments....File existence checking failed for imagename /fits/ngc7635_4-5_wide_g0.5_briggs1.050iter_inter.image.5sigmasked.fits
2020-12-14 19:54:01	WARN	imstat::utils::verify	Argument imagename failed to verify.
2020-12-14 19:54:01	SEVERE	imstat::::	An error occurred running task imstat.
2020-12-14 19:54:01	INFO	imhead::::	
2020-12-14 19:54:01	INFO	imhead::::+	##########################################
2020-12-14 19:54:01	INFO	imhead::::+	##### Begin Task: imhead             #####
2020-12-14 19:54:01	INFO	imhead::::	imhead(imagename="/home/charlie/college/sophister_proj/fits/ngc7635_5-6_wide_g0.5_briggs1.050iter_inter.image.5sigmasked.fits",mode="get",hdkey="beammajor",hdvalue="",verbose=False)
2020-12-14 19:54:01	INFO	imhead::::	##### End Task: imhead               #####
2020-12-14 19:54:01	INFO	imhead::::+	##########################################
2020-12-14 19:54:01	INFO	imhead::::	
2020-12-14 19:54:01	INFO	imhead::::+	##########################################
2020-12-14 19:54:01	INFO	imhead::::+	##### Begin Task: imhead             #####
2020-12-14 19:54:01	INFO	imhead::::	imhead(imagename="/home/charlie/college/sophister_proj/fits/ngc7635_5-6_wide_g0.5_briggs1.050iter_inter.image.5sigmasked.fits",mode="get",hdkey="beamminor",hdvalue="",verbose=False)
2020-12-14 19:54:01	INFO	imhead::::	##### End Task: imhead               #####
2020-12-14 19:54:01	INFO	imhead::::+	##########################################
2020-12-14 19:54:01	INFO	imstat::utils::verify	Verifying arguments....File existence checking failed for imagename /fits/ngc7635_5-6_wide_g0.5_briggs1.050iter_inter.image.5sigmasked.fits
2020-12-14 19:54:01	WARN	imstat::utils::verify	Argument imagename failed to verify.
2020-12-14 19:54:01	SEVERE	imstat::::	An error occurred running task imstat.
2020-12-14 19:54:01	INFO	imhead::::	
2020-12-14 19:54:01	INFO	imhead::::+	##########################################
2020-12-14 19:54:01	INFO	imhead::::+	##### Begin Task: imhead             #####
2020-12-14 19:54:01	INFO	imhead::::	imhead(imagename="/home/charlie/college/sophister_proj/fits/ngc7635_6-7_wide_g0.5_briggs1.050iter_inter.image.5sigmasked.fits",mode="get",hdkey="beammajor",hdvalue="",verbose=False)
2020-12-14 19:54:01	INFO	imhead::::	##### End Task: imhead               #####
2020-12-14 19:54:01	INFO	imhead::::+	##########################################
2020-12-14 19:54:01	INFO	imhead::::	
2020-12-14 19:54:01	INFO	imhead::::+	##########################################
2020-12-14 19:54:01	INFO	imhead::::+	##### Begin Task: imhead             #####
2020-12-14 19:54:01	INFO	imhead::::	imhead(imagename="/home/charlie/college/sophister_proj/fits/ngc7635_6-7_wide_g0.5_briggs1.050iter_inter.image.5sigmasked.fits",mode="get",hdkey="beamminor",hdvalue="",verbose=False)
2020-12-14 19:54:01	INFO	imhead::::	##### End Task: imhead               #####
2020-12-14 19:54:01	INFO	imhead::::+	##########################################
2020-12-14 19:54:01	INFO	imstat::utils::verify	Verifying arguments....File existence checking failed for imagename /fits/ngc7635_6-7_wide_g0.5_briggs1.050iter_inter.image.5sigmasked.fits
2020-12-14 19:54:01	WARN	imstat::utils::verify	Argument imagename failed to verify.
2020-12-14 19:54:01	SEVERE	imstat::::	An error occurred running task imstat.
2020-12-14 19:54:01	INFO	imhead::::	
2020-12-14 19:54:01	INFO	imhead::::+	##########################################
2020-12-14 19:54:01	INFO	imhead::::+	##### Begin Task: imhead             #####
2020-12-14 19:54:01	INFO	imhead::::	imhead(imagename="/home/charlie/college/sophister_proj/fits/ngc7635_8-9_wide_g0.5_briggs1.050iter_inter.image.5sigmasked.fits",mode="get",hdkey="beammajor",hdvalue="",verbose=False)
2020-12-14 19:54:01	INFO	imhead::::	##### End Task: imhead               #####
2020-12-14 19:54:01	INFO	imhead::::+	##########################################
2020-12-14 19:54:01	INFO	imhead::::	
2020-12-14 19:54:01	INFO	imhead::::+	##########################################
2020-12-14 19:54:01	INFO	imhead::::+	##### Begin Task: imhead             #####
2020-12-14 19:54:01	INFO	imhead::::	imhead(imagename="/home/charlie/college/sophister_proj/fits/ngc7635_8-9_wide_g0.5_briggs1.050iter_inter.image.5sigmasked.fits",mode="get",hdkey="beamminor",hdvalue="",verbose=False)
2020-12-14 19:54:01	INFO	imhead::::	##### End Task: imhead               #####
2020-12-14 19:54:01	INFO	imhead::::+	##########################################
2020-12-14 19:54:01	INFO	imstat::utils::verify	Verifying arguments....File existence checking failed for imagename /fits/ngc7635_8-9_wide_g0.5_briggs1.050iter_inter.image.5sigmasked.fits
2020-12-14 19:54:01	WARN	imstat::utils::verify	Argument imagename failed to verify.
2020-12-14 19:54:01	SEVERE	imstat::::	An error occurred running task imstat.
2020-12-14 19:54:01	INFO	imhead::::	
2020-12-14 19:54:01	INFO	imhead::::+	##########################################
2020-12-14 19:54:01	INFO	imhead::::+	##### Begin Task: imhead             #####
2020-12-14 19:54:01	INFO	imhead::::	imhead(imagename="/home/charlie/college/sophister_proj/fits/ngc7635_9-10_wide_g0.5_briggs1.050iter_inter.image.5sigmasked.fits",mode="get",hdkey="beammajor",hdvalue="",verbose=False)
2020-12-14 19:54:01	INFO	imhead::::	##### End Task: imhead               #####
2020-12-14 19:54:01	INFO	imhead::::+	##########################################
2020-12-14 19:54:01	INFO	imhead::::	
2020-12-14 19:54:01	INFO	imhead::::+	##########################################
2020-12-14 19:54:01	INFO	imhead::::+	##### Begin Task: imhead             #####
2020-12-14 19:54:01	INFO	imhead::::	imhead(imagename="/home/charlie/college/sophister_proj/fits/ngc7635_9-10_wide_g0.5_briggs1.050iter_inter.image.5sigmasked.fits",mode="get",hdkey="beamminor",hdvalue="",verbose=False)
2020-12-14 19:54:01	INFO	imhead::::	##### End Task: imhead               #####
2020-12-14 19:54:01	INFO	imhead::::+	##########################################
2020-12-14 19:54:01	INFO	imstat::utils::verify	Verifying arguments....File existence checking failed for imagename /fits/ngc7635_9-10_wide_g0.5_briggs1.050iter_inter.image.5sigmasked.fits
2020-12-14 19:54:01	WARN	imstat::utils::verify	Argument imagename failed to verify.
2020-12-14 19:54:01	SEVERE	imstat::::	An error occurred running task imstat.
2020-12-14 19:54:01	INFO	imhead::::	
2020-12-14 19:54:01	INFO	imhead::::+	##########################################
2020-12-14 19:54:01	INFO	imhead::::+	##### Begin Task: imhead             #####
2020-12-14 19:54:01	INFO	imhead::::	imhead(imagename="/home/charlie/college/sophister_proj/fits/ngc7635_10-11_wide_g0.5_briggs1.050iter_inter.image.5sigmasked.fits",mode="get",hdkey="beammajor",hdvalue="",verbose=False)
2020-12-14 19:54:01	INFO	imhead::::	##### End Task: imhead               #####
2020-12-14 19:54:01	INFO	imhead::::+	##########################################
2020-12-14 19:54:01	INFO	imhead::::	
2020-12-14 19:54:01	INFO	imhead::::+	##########################################
2020-12-14 19:54:01	INFO	imhead::::+	##### Begin Task: imhead             #####
2020-12-14 19:54:01	INFO	imhead::::	imhead(imagename="/home/charlie/college/sophister_proj/fits/ngc7635_10-11_wide_g0.5_briggs1.050iter_inter.image.5sigmasked.fits",mode="get",hdkey="beamminor",hdvalue="",verbose=False)
2020-12-14 19:54:01	INFO	imhead::::	##### End Task: imhead               #####
2020-12-14 19:54:01	INFO	imhead::::+	##########################################
2020-12-14 19:54:01	INFO	imstat::utils::verify	Verifying arguments....File existence checking failed for imagename /fits/ngc7635_10-11_wide_g0.5_briggs1.050iter_inter.image.5sigmasked.fits
2020-12-14 19:54:01	WARN	imstat::utils::verify	Argument imagename failed to verify.
2020-12-14 19:54:01	SEVERE	imstat::::	An error occurred running task imstat.
2020-12-14 20:04:16	INFO	imhead::::	
2020-12-14 20:04:16	INFO	imhead::::+	##########################################
2020-12-14 20:04:16	INFO	imhead::::+	##### Begin Task: imhead             #####
2020-12-14 20:04:16	INFO	imhead::::	imhead(imagename="/home/charlie/college/sophister_proj/fits/ngc7635_4-5_wide_g0.5_briggs1.050iter_inter.image.5sigmasked.fits",mode="get",hdkey="beammajor",hdvalue="",verbose=False)
2020-12-14 20:04:16	INFO	imhead::::	##### End Task: imhead               #####
2020-12-14 20:04:16	INFO	imhead::::+	##########################################
2020-12-14 20:04:16	INFO	imhead::::	
2020-12-14 20:04:16	INFO	imhead::::+	##########################################
2020-12-14 20:04:16	INFO	imhead::::+	##### Begin Task: imhead             #####
2020-12-14 20:04:16	INFO	imhead::::	imhead(imagename="/home/charlie/college/sophister_proj/fits/ngc7635_4-5_wide_g0.5_briggs1.050iter_inter.image.5sigmasked.fits",mode="get",hdkey="beamminor",hdvalue="",verbose=False)
2020-12-14 20:04:16	INFO	imhead::::	##### End Task: imhead               #####
2020-12-14 20:04:16	INFO	imhead::::+	##########################################
2020-12-14 20:04:16	INFO	imstat::::	
2020-12-14 20:04:16	INFO	imstat::::+	##########################################
2020-12-14 20:04:16	INFO	imstat::::+	##### Begin Task: imstat             #####
2020-12-14 20:04:16	INFO	imstat::::	imstat(imagename="/home/charlie/college/sophister_proj/fits/ngc7635_4-5_wide_g0.5_briggs1.050iter_inter.image.5sigmasked.fits",axes=-1,region="",box="",chans="",
2020-12-14 20:04:16	INFO	imstat::::+	        stokes="",listit=True,verbose=True,mask="",stretch=False,
2020-12-14 20:04:16	INFO	imstat::::+	        logfile="",append=True,algorithm="classic",fence=-1,center="mean",
2020-12-14 20:04:16	INFO	imstat::::+	        lside=True,zscore=-1,maxiter=-1,clmethod="auto",niter=3)
2020-12-14 20:04:16	INFO	imstat::CasacRegionManager::fromBCS	No directional region specified. Using full positional plane.
2020-12-14 20:04:16	INFO	imstat::CasacRegionManager::fromBCS	Using all spectral channels.
2020-12-14 20:04:16	INFO	imstat::CasacRegionManager::fromBCS	Using polarizations ALL
2020-12-14 20:04:16	INFO	imstat::image::statistics 	Determining stats for image ngc7635_4-5_wide_g0.5_briggs1.050iter_inter.image.5sigmasked.fits
2020-12-14 20:04:16	INFO	imstat::ImageRegion::fromRecord	Selected bounding box : 
2020-12-14 20:04:16	INFO	imstat::ImageRegion::fromRecord+	    [0, 0, 0, 0] to [2559, 2559, 0, 0]  (23:24:18.022, +60.46.19.721, 4486956471.11Hz, I to 23:17:12.989, +61.37.30.284, 4486956471.11Hz, I)
2020-12-14 20:04:16	INFO	imstat::ImageStatsCalculator::_logStartup	Statistics calculated using Classic algorithm
2020-12-14 20:04:16	INFO	imstat::ImageStatsCalculator::_logStartup	Regions --- 
2020-12-14 20:04:16	INFO	imstat::ImageStatsCalculator::_logStartup	         -- bottom-left corner (pixel) [blc]:  [0, 0, 0, 0]
2020-12-14 20:04:16	INFO	imstat::ImageStatsCalculator::_logStartup	         -- top-right corner (pixel) [trc]:    [2559, 2559, 0, 0]
2020-12-14 20:04:16	INFO	imstat::ImageStatsCalculator::_logStartup	         -- bottom-left corner (world) [blcf]: 23:24:18.022, +60.46.19.721, 4486956471.11Hz, I
2020-12-14 20:04:16	INFO	imstat::ImageStatsCalculator::_logStartup	         -- top-right corner (world) [trcf]:   23:17:12.989, +61.37.30.284, 4486956471.11Hz, I
2020-12-14 20:04:16	INFO	imstat::::	Values --- 
2020-12-14 20:04:16	INFO	imstat::::	         -- flux density [flux]:                    7.57082 Jy
2020-12-14 20:04:16	INFO	imstat::::	         -- number of points [npts]:                259794
2020-12-14 20:04:16	INFO	imstat::::	         -- maximum value [max]:                    0.128856 Jy/beam
2020-12-14 20:04:16	INFO	imstat::::	         -- minimum value [min]:                    0.000203019 Jy/beam
2020-12-14 20:04:16	INFO	imstat::::	         -- position of max value (pixel) [maxpos]: [1323, 1254, 0, 0]
2020-12-14 20:04:16	INFO	imstat::::	         -- position of min value (pixel) [minpos]: [1260, 1293, 0, 0]
2020-12-14 20:04:16	INFO	imstat::::	         -- position of max value (world) [maxposf]: 23:20:41.161, +61.11.34.788, 4486956471.11Hz, I
2020-12-14 20:04:16	INFO	imstat::::	         -- position of min value (world) [minposf]: 23:20:51.622, +61.12.21.597, 4486956471.11Hz, I
2020-12-14 20:04:16	INFO	imstat::::	         -- Sum of pixel values [sum]:               1421.78 Jy/beam
2020-12-14 20:04:16	INFO	imstat::::	         -- Sum of squared pixel values [sumsq]:     26.572 Jy/beam.Jy/beam
2020-12-14 20:04:16	INFO	imstat::::	Statistics --- 
2020-12-14 20:04:16	INFO	imstat::::	        -- Mean of the pixel values [mean]:         0.00547273 Jy/beam
2020-12-14 20:04:16	INFO	imstat::::	        -- Variance of the pixel values :           7.23307e-05 Jy/beam
2020-12-14 20:04:16	INFO	imstat::::	        -- Standard deviation of the Mean [sigma]:  0.00850475 Jy/beam
2020-12-14 20:04:16	INFO	imstat::::	        -- Root mean square [rms]:                  0.0101134 Jy/beam
2020-12-14 20:04:16	INFO	imstat::::	        -- Median of the pixel values [median]:     0.0026837 Jy/beam
2020-12-14 20:04:16	INFO	imstat::::	        -- Median of the deviations [medabsdevmed]: 0.00172602 Jy/beam
2020-12-14 20:04:16	INFO	imstat::::	        -- IQR [quartile]:                          0.00485723 Jy/beam
2020-12-14 20:04:16	INFO	imstat::::	        -- First quartile [q1]:                     0.00131536 Jy/beam
2020-12-14 20:04:16	INFO	imstat::::	        -- Third quartile [q3]:                     0.00617258 Jy/beam
2020-12-14 20:04:16	INFO	imstat::ImageStatsCalculator::statistics	Sum column unit = Jy/beam
2020-12-14 20:04:16	INFO	imstat::ImageStatsCalculator::statistics+	Mean column unit = Jy/beam
2020-12-14 20:04:16	INFO	imstat::ImageStatsCalculator::statistics+	Std_dev column unit = Jy/beam
2020-12-14 20:04:16	INFO	imstat::ImageStatsCalculator::statistics+	Minimum column unit = Jy/beam
2020-12-14 20:04:16	INFO	imstat::ImageStatsCalculator::statistics+	Maximum column unit = Jy/beam
2020-12-14 20:04:16	INFO	imstat::ImageStatsCalculator::statistics	Npts          Sum           Mean          Rms           Std_dev       Minimum       Maximum     
2020-12-14 20:04:16	INFO	imstat::ImageStatsCalculator::statistics	 2.597940e+05  1.421782e+03  5.472727e-03  1.011342e-02  8.504747e-03  2.030194e-04  1.288564e-01
2020-12-14 20:04:16	INFO	imstat::::	##### End Task: imstat               #####
2020-12-14 20:04:16	INFO	imstat::::+	##########################################
2020-12-14 20:04:16	INFO	imhead::::	
2020-12-14 20:04:16	INFO	imhead::::+	##########################################
2020-12-14 20:04:16	INFO	imhead::::+	##### Begin Task: imhead             #####
2020-12-14 20:04:16	INFO	imhead::::	imhead(imagename="/home/charlie/college/sophister_proj/fits/ngc7635_4-5_wide_g0.5_briggs1.050iter_inter.image.5sigmasked.fits",mode="get",hdkey="crval4",hdvalue="",verbose=False)
2020-12-14 20:04:16	INFO	imhead::::	##### End Task: imhead               #####
2020-12-14 20:04:16	INFO	imhead::::+	##########################################
2020-12-14 20:04:16	INFO	imhead::::	
2020-12-14 20:04:16	INFO	imhead::::+	##########################################
2020-12-14 20:04:16	INFO	imhead::::+	##### Begin Task: imhead             #####
2020-12-14 20:04:16	INFO	imhead::::	imhead(imagename="/home/charlie/college/sophister_proj/fits/ngc7635_5-6_wide_g0.5_briggs1.050iter_inter.image.5sigmasked.fits",mode="get",hdkey="beammajor",hdvalue="",verbose=False)
2020-12-14 20:04:16	INFO	imhead::::	##### End Task: imhead               #####
2020-12-14 20:04:16	INFO	imhead::::+	##########################################
2020-12-14 20:04:16	INFO	imhead::::	
2020-12-14 20:04:16	INFO	imhead::::+	##########################################
2020-12-14 20:04:16	INFO	imhead::::+	##### Begin Task: imhead             #####
2020-12-14 20:04:16	INFO	imhead::::	imhead(imagename="/home/charlie/college/sophister_proj/fits/ngc7635_5-6_wide_g0.5_briggs1.050iter_inter.image.5sigmasked.fits",mode="get",hdkey="beamminor",hdvalue="",verbose=False)
2020-12-14 20:04:16	INFO	imhead::::	##### End Task: imhead               #####
2020-12-14 20:04:16	INFO	imhead::::+	##########################################
2020-12-14 20:04:16	INFO	imstat::::	
2020-12-14 20:04:16	INFO	imstat::::+	##########################################
2020-12-14 20:04:16	INFO	imstat::::+	##### Begin Task: imstat             #####
2020-12-14 20:04:16	INFO	imstat::::	imstat(imagename="/home/charlie/college/sophister_proj/fits/ngc7635_5-6_wide_g0.5_briggs1.050iter_inter.image.5sigmasked.fits",axes=-1,region="",box="",chans="",
2020-12-14 20:04:16	INFO	imstat::::+	        stokes="",listit=True,verbose=True,mask="",stretch=False,
2020-12-14 20:04:16	INFO	imstat::::+	        logfile="",append=True,algorithm="classic",fence=-1,center="mean",
2020-12-14 20:04:16	INFO	imstat::::+	        lside=True,zscore=-1,maxiter=-1,clmethod="auto",niter=3)
2020-12-14 20:04:16	INFO	imstat::CasacRegionManager::fromBCS	No directional region specified. Using full positional plane.
2020-12-14 20:04:16	INFO	imstat::CasacRegionManager::fromBCS	Using all spectral channels.
2020-12-14 20:04:16	INFO	imstat::CasacRegionManager::fromBCS	Using polarizations ALL
2020-12-14 20:04:16	INFO	imstat::image::statistics 	Determining stats for image ngc7635_5-6_wide_g0.5_briggs1.050iter_inter.image.5sigmasked.fits
2020-12-14 20:04:16	INFO	imstat::ImageRegion::fromRecord	Selected bounding box : 
2020-12-14 20:04:16	INFO	imstat::ImageRegion::fromRecord+	    [0, 0, 0, 0] to [2559, 2559, 0, 0]  (23:24:18.022, +60.46.19.721, 5510946533.33Hz, I to 23:17:12.989, +61.37.30.284, 5510946533.33Hz, I)
2020-12-14 20:04:16	INFO	imstat::ImageStatsCalculator::_logStartup	Statistics calculated using Classic algorithm
2020-12-14 20:04:16	INFO	imstat::ImageStatsCalculator::_logStartup	Regions --- 
2020-12-14 20:04:16	INFO	imstat::ImageStatsCalculator::_logStartup	         -- bottom-left corner (pixel) [blc]:  [0, 0, 0, 0]
2020-12-14 20:04:16	INFO	imstat::ImageStatsCalculator::_logStartup	         -- top-right corner (pixel) [trc]:    [2559, 2559, 0, 0]
2020-12-14 20:04:16	INFO	imstat::ImageStatsCalculator::_logStartup	         -- bottom-left corner (world) [blcf]: 23:24:18.022, +60.46.19.721, 5510946533.33Hz, I
2020-12-14 20:04:16	INFO	imstat::ImageStatsCalculator::_logStartup	         -- top-right corner (world) [trcf]:   23:17:12.989, +61.37.30.284, 5510946533.33Hz, I
2020-12-14 20:04:17	INFO	imstat::::	Values --- 
2020-12-14 20:04:17	INFO	imstat::::	         -- flux density [flux]:                    9.17756 Jy
2020-12-14 20:04:17	INFO	imstat::::	         -- number of points [npts]:                201967
2020-12-14 20:04:17	INFO	imstat::::	         -- maximum value [max]:                    0.155369 Jy/beam
2020-12-14 20:04:17	INFO	imstat::::	         -- minimum value [min]:                    0.000207832 Jy/beam
2020-12-14 20:04:17	INFO	imstat::::	         -- position of max value (pixel) [maxpos]: [888, 1225, 0, 0]
2020-12-14 20:04:17	INFO	imstat::::	         -- position of min value (pixel) [minpos]: [1276, 1314, 0, 0]
2020-12-14 20:04:17	INFO	imstat::::	         -- position of max value (world) [maxposf]: 23:21:53.361, +61.10.59.025, 5510946533.33Hz, I
2020-12-14 20:04:17	INFO	imstat::::	         -- position of min value (world) [minposf]: 23:20:48.965, +61.12.46.800, 5510946533.33Hz, I
2020-12-14 20:04:17	INFO	imstat::::	         -- Sum of pixel values [sum]:               1649.23 Jy/beam
2020-12-14 20:04:17	INFO	imstat::::	         -- Sum of squared pixel values [sumsq]:     40.5282 Jy/beam.Jy/beam
2020-12-14 20:04:17	INFO	imstat::::	Statistics --- 
2020-12-14 20:04:17	INFO	imstat::::	        -- Mean of the pixel values [mean]:         0.00816583 Jy/beam
2020-12-14 20:04:17	INFO	imstat::::	        -- Variance of the pixel values :           0.000133987 Jy/beam
2020-12-14 20:04:17	INFO	imstat::::	        -- Standard deviation of the Mean [sigma]:  0.0115753 Jy/beam
2020-12-14 20:04:17	INFO	imstat::::	        -- Root mean square [rms]:                  0.0141657 Jy/beam
2020-12-14 20:04:17	INFO	imstat::::	        -- Median of the pixel values [median]:     0.00402021 Jy/beam
2020-12-14 20:04:17	INFO	imstat::::	        -- Median of the deviations [medabsdevmed]: 0.00263823 Jy/beam
2020-12-14 20:04:17	INFO	imstat::::	        -- IQR [quartile]:                          0.0074246 Jy/beam
2020-12-14 20:04:17	INFO	imstat::::	        -- First quartile [q1]:                     0.00192418 Jy/beam
2020-12-14 20:04:17	INFO	imstat::::	        -- Third quartile [q3]:                     0.00934878 Jy/beam
2020-12-14 20:04:17	INFO	imstat::ImageStatsCalculator::statistics	Sum column unit = Jy/beam
2020-12-14 20:04:17	INFO	imstat::ImageStatsCalculator::statistics+	Mean column unit = Jy/beam
2020-12-14 20:04:17	INFO	imstat::ImageStatsCalculator::statistics+	Std_dev column unit = Jy/beam
2020-12-14 20:04:17	INFO	imstat::ImageStatsCalculator::statistics+	Minimum column unit = Jy/beam
2020-12-14 20:04:17	INFO	imstat::ImageStatsCalculator::statistics+	Maximum column unit = Jy/beam
2020-12-14 20:04:17	INFO	imstat::ImageStatsCalculator::statistics	Npts          Sum           Mean          Rms           Std_dev       Minimum       Maximum     
2020-12-14 20:04:17	INFO	imstat::ImageStatsCalculator::statistics	 2.019670e+05  1.649229e+03  8.165834e-03  1.416571e-02  1.157529e-02  2.078319e-04  1.553691e-01
2020-12-14 20:04:17	INFO	imstat::::	##### End Task: imstat               #####
2020-12-14 20:04:17	INFO	imstat::::+	##########################################
2020-12-14 20:04:17	INFO	imhead::::	
2020-12-14 20:04:17	INFO	imhead::::+	##########################################
2020-12-14 20:04:17	INFO	imhead::::+	##### Begin Task: imhead             #####
2020-12-14 20:04:17	INFO	imhead::::	imhead(imagename="/home/charlie/college/sophister_proj/fits/ngc7635_5-6_wide_g0.5_briggs1.050iter_inter.image.5sigmasked.fits",mode="get",hdkey="crval4",hdvalue="",verbose=False)
2020-12-14 20:04:17	INFO	imhead::::	##### End Task: imhead               #####
2020-12-14 20:04:17	INFO	imhead::::+	##########################################
2020-12-14 20:04:17	INFO	imhead::::	
2020-12-14 20:04:17	INFO	imhead::::+	##########################################
2020-12-14 20:04:17	INFO	imhead::::+	##### Begin Task: imhead             #####
2020-12-14 20:04:17	INFO	imhead::::	imhead(imagename="/home/charlie/college/sophister_proj/fits/ngc7635_6-7_wide_g0.5_briggs1.050iter_inter.image.5sigmasked.fits",mode="get",hdkey="beammajor",hdvalue="",verbose=False)
2020-12-14 20:04:17	INFO	imhead::::	##### End Task: imhead               #####
2020-12-14 20:04:17	INFO	imhead::::+	##########################################
2020-12-14 20:04:17	INFO	imhead::::	
2020-12-14 20:04:17	INFO	imhead::::+	##########################################
2020-12-14 20:04:17	INFO	imhead::::+	##### Begin Task: imhead             #####
2020-12-14 20:04:17	INFO	imhead::::	imhead(imagename="/home/charlie/college/sophister_proj/fits/ngc7635_6-7_wide_g0.5_briggs1.050iter_inter.image.5sigmasked.fits",mode="get",hdkey="beamminor",hdvalue="",verbose=False)
2020-12-14 20:04:17	INFO	imhead::::	##### End Task: imhead               #####
2020-12-14 20:04:17	INFO	imhead::::+	##########################################
2020-12-14 20:04:17	INFO	imstat::::	
2020-12-14 20:04:17	INFO	imstat::::+	##########################################
2020-12-14 20:04:17	INFO	imstat::::+	##### Begin Task: imstat             #####
2020-12-14 20:04:17	INFO	imstat::::	imstat(imagename="/home/charlie/college/sophister_proj/fits/ngc7635_6-7_wide_g0.5_briggs1.050iter_inter.image.5sigmasked.fits",axes=-1,region="",box="",chans="",
2020-12-14 20:04:17	INFO	imstat::::+	        stokes="",listit=True,verbose=True,mask="",stretch=False,
2020-12-14 20:04:17	INFO	imstat::::+	        logfile="",append=True,algorithm="classic",fence=-1,center="mean",
2020-12-14 20:04:17	INFO	imstat::::+	        lside=True,zscore=-1,maxiter=-1,clmethod="auto",niter=3)
2020-12-14 20:04:17	INFO	imstat::CasacRegionManager::fromBCS	No directional region specified. Using full positional plane.
2020-12-14 20:04:17	INFO	imstat::CasacRegionManager::fromBCS	Using all spectral channels.
2020-12-14 20:04:17	INFO	imstat::CasacRegionManager::fromBCS	Using polarizations ALL
2020-12-14 20:04:17	INFO	imstat::image::statistics 	Determining stats for image ngc7635_6-7_wide_g0.5_briggs1.050iter_inter.image.5sigmasked.fits
2020-12-14 20:04:17	INFO	imstat::ImageRegion::fromRecord	Selected bounding box : 
2020-12-14 20:04:17	INFO	imstat::ImageRegion::fromRecord+	    [0, 0, 0, 0] to [2559, 2559, 0, 0]  (23:24:18.022, +60.46.19.721, 6486937061.38Hz, I to 23:17:12.989, +61.37.30.284, 6486937061.38Hz, I)
2020-12-14 20:04:17	INFO	imstat::ImageStatsCalculator::_logStartup	Statistics calculated using Classic algorithm
2020-12-14 20:04:17	INFO	imstat::ImageStatsCalculator::_logStartup	Regions --- 
2020-12-14 20:04:17	INFO	imstat::ImageStatsCalculator::_logStartup	         -- bottom-left corner (pixel) [blc]:  [0, 0, 0, 0]
2020-12-14 20:04:17	INFO	imstat::ImageStatsCalculator::_logStartup	         -- top-right corner (pixel) [trc]:    [2559, 2559, 0, 0]
2020-12-14 20:04:17	INFO	imstat::ImageStatsCalculator::_logStartup	         -- bottom-left corner (world) [blcf]: 23:24:18.022, +60.46.19.721, 6486937061.38Hz, I
2020-12-14 20:04:17	INFO	imstat::ImageStatsCalculator::_logStartup	         -- top-right corner (world) [trcf]:   23:17:12.989, +61.37.30.284, 6486937061.38Hz, I
2020-12-14 20:04:17	INFO	imstat::::	Values --- 
2020-12-14 20:04:17	INFO	imstat::::	         -- flux density [flux]:                    7.03477 Jy
2020-12-14 20:04:17	INFO	imstat::::	         -- number of points [npts]:                134388
2020-12-14 20:04:17	INFO	imstat::::	         -- maximum value [max]:                    0.197669 Jy/beam
2020-12-14 20:04:17	INFO	imstat::::	         -- minimum value [min]:                    0.000205913 Jy/beam
2020-12-14 20:04:17	INFO	imstat::::	         -- position of max value (pixel) [maxpos]: [968, 1225, 0, 0]
2020-12-14 20:04:17	INFO	imstat::::	         -- position of min value (pixel) [minpos]: [1294, 1298, 0, 0]
2020-12-14 20:04:17	INFO	imstat::::	         -- position of max value (world) [maxposf]: 23:21:40.083, +61.10.59.382, 6486937061.38Hz, I
2020-12-14 20:04:17	INFO	imstat::::	         -- position of min value (world) [minposf]: 23:20:45.975, +61.12.27.599, 6486937061.38Hz, I
2020-12-14 20:04:17	INFO	imstat::::	         -- Sum of pixel values [sum]:               1192.91 Jy/beam
2020-12-14 20:04:17	INFO	imstat::::	         -- Sum of squared pixel values [sumsq]:     36.6928 Jy/beam.Jy/beam
2020-12-14 20:04:17	INFO	imstat::::	Statistics --- 
2020-12-14 20:04:17	INFO	imstat::::	        -- Mean of the pixel values [mean]:         0.00887663 Jy/beam
2020-12-14 20:04:17	INFO	imstat::::	        -- Variance of the pixel values :           0.000194243 Jy/beam
2020-12-14 20:04:17	INFO	imstat::::	        -- Standard deviation of the Mean [sigma]:  0.0139371 Jy/beam
2020-12-14 20:04:17	INFO	imstat::::	        -- Root mean square [rms]:                  0.0165238 Jy/beam
2020-12-14 20:04:17	INFO	imstat::::	        -- Median of the pixel values [median]:     0.00443195 Jy/beam
2020-12-14 20:04:17	INFO	imstat::::	        -- Median of the deviations [medabsdevmed]: 0.00301689 Jy/beam
2020-12-14 20:04:17	INFO	imstat::::	        -- IQR [quartile]:                          0.00821009 Jy/beam
2020-12-14 20:04:17	INFO	imstat::::	        -- First quartile [q1]:                     0.00205494 Jy/beam
2020-12-14 20:04:17	INFO	imstat::::	        -- Third quartile [q3]:                     0.010265 Jy/beam
2020-12-14 20:04:17	INFO	imstat::ImageStatsCalculator::statistics	Sum column unit = Jy/beam
2020-12-14 20:04:17	INFO	imstat::ImageStatsCalculator::statistics+	Mean column unit = Jy/beam
2020-12-14 20:04:17	INFO	imstat::ImageStatsCalculator::statistics+	Std_dev column unit = Jy/beam
2020-12-14 20:04:17	INFO	imstat::ImageStatsCalculator::statistics+	Minimum column unit = Jy/beam
2020-12-14 20:04:17	INFO	imstat::ImageStatsCalculator::statistics+	Maximum column unit = Jy/beam
2020-12-14 20:04:17	INFO	imstat::ImageStatsCalculator::statistics	Npts          Sum           Mean          Rms           Std_dev       Minimum       Maximum     
2020-12-14 20:04:17	INFO	imstat::ImageStatsCalculator::statistics	 1.343880e+05  1.192912e+03  8.876629e-03  1.652382e-02  1.393712e-02  2.059133e-04  1.976692e-01
2020-12-14 20:04:17	INFO	imstat::::	##### End Task: imstat               #####
2020-12-14 20:04:17	INFO	imstat::::+	##########################################
2020-12-14 20:04:17	INFO	imhead::::	
2020-12-14 20:04:17	INFO	imhead::::+	##########################################
2020-12-14 20:04:17	INFO	imhead::::+	##### Begin Task: imhead             #####
2020-12-14 20:04:17	INFO	imhead::::	imhead(imagename="/home/charlie/college/sophister_proj/fits/ngc7635_6-7_wide_g0.5_briggs1.050iter_inter.image.5sigmasked.fits",mode="get",hdkey="crval4",hdvalue="",verbose=False)
2020-12-14 20:04:17	INFO	imhead::::	##### End Task: imhead               #####
2020-12-14 20:04:17	INFO	imhead::::+	##########################################
2020-12-14 20:04:17	INFO	imhead::::	
2020-12-14 20:04:17	INFO	imhead::::+	##########################################
2020-12-14 20:04:17	INFO	imhead::::+	##### Begin Task: imhead             #####
2020-12-14 20:04:17	INFO	imhead::::	imhead(imagename="/home/charlie/college/sophister_proj/fits/ngc7635_8-9_wide_g0.5_briggs1.050iter_inter.image.5sigmasked.fits",mode="get",hdkey="beammajor",hdvalue="",verbose=False)
2020-12-14 20:04:17	INFO	imhead::::	##### End Task: imhead               #####
2020-12-14 20:04:17	INFO	imhead::::+	##########################################
2020-12-14 20:04:17	INFO	imhead::::	
2020-12-14 20:04:17	INFO	imhead::::+	##########################################
2020-12-14 20:04:17	INFO	imhead::::+	##### Begin Task: imhead             #####
2020-12-14 20:04:17	INFO	imhead::::	imhead(imagename="/home/charlie/college/sophister_proj/fits/ngc7635_8-9_wide_g0.5_briggs1.050iter_inter.image.5sigmasked.fits",mode="get",hdkey="beamminor",hdvalue="",verbose=False)
2020-12-14 20:04:17	INFO	imhead::::	##### End Task: imhead               #####
2020-12-14 20:04:17	INFO	imhead::::+	##########################################
2020-12-14 20:04:17	INFO	imstat::::	
2020-12-14 20:04:17	INFO	imstat::::+	##########################################
2020-12-14 20:04:17	INFO	imstat::::+	##### Begin Task: imstat             #####
2020-12-14 20:04:17	INFO	imstat::::	imstat(imagename="/home/charlie/college/sophister_proj/fits/ngc7635_8-9_wide_g0.5_briggs1.050iter_inter.image.5sigmasked.fits",axes=-1,region="",box="",chans="",
2020-12-14 20:04:17	INFO	imstat::::+	        stokes="",listit=True,verbose=True,mask="",stretch=False,
2020-12-14 20:04:17	INFO	imstat::::+	        logfile="",append=True,algorithm="classic",fence=-1,center="mean",
2020-12-14 20:04:17	INFO	imstat::::+	        lside=True,zscore=-1,maxiter=-1,clmethod="auto",niter=3)
2020-12-14 20:04:17	INFO	imstat::CasacRegionManager::fromBCS	No directional region specified. Using full positional plane.
2020-12-14 20:04:17	INFO	imstat::CasacRegionManager::fromBCS	Using all spectral channels.
2020-12-14 20:04:17	INFO	imstat::CasacRegionManager::fromBCS	Using polarizations ALL
2020-12-14 20:04:17	INFO	imstat::image::statistics 	Determining stats for image ngc7635_8-9_wide_g0.5_briggs1.050iter_inter.image.5sigmasked.fits
2020-12-14 20:04:17	INFO	imstat::ImageRegion::fromRecord	Selected bounding box : 
2020-12-14 20:04:17	INFO	imstat::ImageRegion::fromRecord+	    [0, 0, 0, 0] to [2559, 2559, 0, 0]  (23:24:18.022, +60.46.19.721, 8486918282.03Hz, I to 23:17:12.989, +61.37.30.284, 8486918282.03Hz, I)
2020-12-14 20:04:17	INFO	imstat::ImageStatsCalculator::_logStartup	Statistics calculated using Classic algorithm
2020-12-14 20:04:17	INFO	imstat::ImageStatsCalculator::_logStartup	Regions --- 
2020-12-14 20:04:17	INFO	imstat::ImageStatsCalculator::_logStartup	         -- bottom-left corner (pixel) [blc]:  [0, 0, 0, 0]
2020-12-14 20:04:17	INFO	imstat::ImageStatsCalculator::_logStartup	         -- top-right corner (pixel) [trc]:    [2559, 2559, 0, 0]
2020-12-14 20:04:17	INFO	imstat::ImageStatsCalculator::_logStartup	         -- bottom-left corner (world) [blcf]: 23:24:18.022, +60.46.19.721, 8486918282.03Hz, I
2020-12-14 20:04:17	INFO	imstat::ImageStatsCalculator::_logStartup	         -- top-right corner (world) [trcf]:   23:17:12.989, +61.37.30.284, 8486918282.03Hz, I
2020-12-14 20:04:18	INFO	imstat::::	Values --- 
2020-12-14 20:04:18	INFO	imstat::::	         -- flux density [flux]:                    6.25178 Jy
2020-12-14 20:04:18	INFO	imstat::::	         -- number of points [npts]:                96488
2020-12-14 20:04:18	INFO	imstat::::	         -- maximum value [max]:                    0.249542 Jy/beam
2020-12-14 20:04:18	INFO	imstat::::	         -- minimum value [min]:                    0.000208718 Jy/beam
2020-12-14 20:04:18	INFO	imstat::::	         -- position of max value (pixel) [maxpos]: [1533, 1291, 0, 0]
2020-12-14 20:04:18	INFO	imstat::::	         -- position of min value (pixel) [minpos]: [1273, 1297, 0, 0]
2020-12-14 20:04:18	INFO	imstat::::	         -- position of max value (world) [maxposf]: 23:20:06.280, +61.12.18.793, 8486918282.03Hz, I
2020-12-14 20:04:18	INFO	imstat::::	         -- position of min value (world) [minposf]: 23:20:49.463, +61.12.26.400, 8486918282.03Hz, I
2020-12-14 20:04:18	INFO	imstat::::	         -- Sum of pixel values [sum]:               1065.35 Jy/beam
2020-12-14 20:04:18	INFO	imstat::::	         -- Sum of squared pixel values [sumsq]:     37.1687 Jy/beam.Jy/beam
2020-12-14 20:04:18	INFO	imstat::::	Statistics --- 
2020-12-14 20:04:18	INFO	imstat::::	        -- Mean of the pixel values [mean]:         0.0110412 Jy/beam
2020-12-14 20:04:18	INFO	imstat::::	        -- Variance of the pixel values :           0.00026331 Jy/beam
2020-12-14 20:04:18	INFO	imstat::::	        -- Standard deviation of the Mean [sigma]:  0.0162268 Jy/beam
2020-12-14 20:04:18	INFO	imstat::::	        -- Root mean square [rms]:                  0.0196269 Jy/beam
2020-12-14 20:04:18	INFO	imstat::::	        -- Median of the pixel values [median]:     0.00564775 Jy/beam
2020-12-14 20:04:18	INFO	imstat::::	        -- Median of the deviations [medabsdevmed]: 0.00387167 Jy/beam
2020-12-14 20:04:18	INFO	imstat::::	        -- IQR [quartile]:                          0.0101438 Jy/beam
2020-12-14 20:04:18	INFO	imstat::::	        -- First quartile [q1]:                     0.00245847 Jy/beam
2020-12-14 20:04:18	INFO	imstat::::	        -- Third quartile [q3]:                     0.0126023 Jy/beam
2020-12-14 20:04:18	INFO	imstat::ImageStatsCalculator::statistics	Sum column unit = Jy/beam
2020-12-14 20:04:18	INFO	imstat::ImageStatsCalculator::statistics+	Mean column unit = Jy/beam
2020-12-14 20:04:18	INFO	imstat::ImageStatsCalculator::statistics+	Std_dev column unit = Jy/beam
2020-12-14 20:04:18	INFO	imstat::ImageStatsCalculator::statistics+	Minimum column unit = Jy/beam
2020-12-14 20:04:18	INFO	imstat::ImageStatsCalculator::statistics+	Maximum column unit = Jy/beam
2020-12-14 20:04:18	INFO	imstat::ImageStatsCalculator::statistics	Npts          Sum           Mean          Rms           Std_dev       Minimum       Maximum     
2020-12-14 20:04:18	INFO	imstat::ImageStatsCalculator::statistics	 9.648800e+04  1.065345e+03  1.104122e-02  1.962691e-02  1.622682e-02  2.087176e-04  2.495424e-01
2020-12-14 20:04:18	INFO	imstat::::	##### End Task: imstat               #####
2020-12-14 20:04:18	INFO	imstat::::+	##########################################
2020-12-14 20:04:18	INFO	imhead::::	
2020-12-14 20:04:18	INFO	imhead::::+	##########################################
2020-12-14 20:04:18	INFO	imhead::::+	##### Begin Task: imhead             #####
2020-12-14 20:04:18	INFO	imhead::::	imhead(imagename="/home/charlie/college/sophister_proj/fits/ngc7635_8-9_wide_g0.5_briggs1.050iter_inter.image.5sigmasked.fits",mode="get",hdkey="crval4",hdvalue="",verbose=False)
2020-12-14 20:04:18	INFO	imhead::::	##### End Task: imhead               #####
2020-12-14 20:04:18	INFO	imhead::::+	##########################################
2020-12-14 20:04:18	INFO	imhead::::	
2020-12-14 20:04:18	INFO	imhead::::+	##########################################
2020-12-14 20:04:18	INFO	imhead::::+	##### Begin Task: imhead             #####
2020-12-14 20:04:18	INFO	imhead::::	imhead(imagename="/home/charlie/college/sophister_proj/fits/ngc7635_9-10_wide_g0.5_briggs1.050iter_inter.image.5sigmasked.fits",mode="get",hdkey="beammajor",hdvalue="",verbose=False)
2020-12-14 20:04:18	INFO	imhead::::	##### End Task: imhead               #####
2020-12-14 20:04:18	INFO	imhead::::+	##########################################
2020-12-14 20:04:18	INFO	imhead::::	
2020-12-14 20:04:18	INFO	imhead::::+	##########################################
2020-12-14 20:04:18	INFO	imhead::::+	##### Begin Task: imhead             #####
2020-12-14 20:04:18	INFO	imhead::::	imhead(imagename="/home/charlie/college/sophister_proj/fits/ngc7635_9-10_wide_g0.5_briggs1.050iter_inter.image.5sigmasked.fits",mode="get",hdkey="beamminor",hdvalue="",verbose=False)
2020-12-14 20:04:18	INFO	imhead::::	##### End Task: imhead               #####
2020-12-14 20:04:18	INFO	imhead::::+	##########################################
2020-12-14 20:04:18	INFO	imstat::::	
2020-12-14 20:04:18	INFO	imstat::::+	##########################################
2020-12-14 20:04:18	INFO	imstat::::+	##### Begin Task: imstat             #####
2020-12-14 20:04:18	INFO	imstat::::	imstat(imagename="/home/charlie/college/sophister_proj/fits/ngc7635_9-10_wide_g0.5_briggs1.050iter_inter.image.5sigmasked.fits",axes=-1,region="",box="",chans="",
2020-12-14 20:04:18	INFO	imstat::::+	        stokes="",listit=True,verbose=True,mask="",stretch=False,
2020-12-14 20:04:18	INFO	imstat::::+	        logfile="",append=True,algorithm="classic",fence=-1,center="mean",
2020-12-14 20:04:18	INFO	imstat::::+	        lside=True,zscore=-1,maxiter=-1,clmethod="auto",niter=3)
2020-12-14 20:04:18	INFO	imstat::CasacRegionManager::fromBCS	No directional region specified. Using full positional plane.
2020-12-14 20:04:18	INFO	imstat::CasacRegionManager::fromBCS	Using all spectral channels.
2020-12-14 20:04:18	INFO	imstat::CasacRegionManager::fromBCS	Using polarizations ALL
2020-12-14 20:04:18	INFO	imstat::image::statistics 	Determining stats for image ngc7635_9-10_wide_g0.5_briggs1.050iter_inter.image.5sigmasked.fits
2020-12-14 20:04:18	INFO	imstat::ImageRegion::fromRecord	Selected bounding box : 
2020-12-14 20:04:18	INFO	imstat::ImageRegion::fromRecord+	    [0, 0, 0, 0] to [2559, 2559, 0, 0]  (23:24:18.022, +60.46.19.721, 9510908420.25Hz, I to 23:17:12.989, +61.37.30.284, 9510908420.25Hz, I)
2020-12-14 20:04:18	INFO	imstat::ImageStatsCalculator::_logStartup	Statistics calculated using Classic algorithm
2020-12-14 20:04:18	INFO	imstat::ImageStatsCalculator::_logStartup	Regions --- 
2020-12-14 20:04:18	INFO	imstat::ImageStatsCalculator::_logStartup	         -- bottom-left corner (pixel) [blc]:  [0, 0, 0, 0]
2020-12-14 20:04:18	INFO	imstat::ImageStatsCalculator::_logStartup	         -- top-right corner (pixel) [trc]:    [2559, 2559, 0, 0]
2020-12-14 20:04:18	INFO	imstat::ImageStatsCalculator::_logStartup	         -- bottom-left corner (world) [blcf]: 23:24:18.022, +60.46.19.721, 9510908420.25Hz, I
2020-12-14 20:04:18	INFO	imstat::ImageStatsCalculator::_logStartup	         -- top-right corner (world) [trcf]:   23:17:12.989, +61.37.30.284, 9510908420.25Hz, I
2020-12-14 20:04:18	INFO	imstat::::	Values --- 
2020-12-14 20:04:18	INFO	imstat::::	         -- flux density [flux]:                    4.65894 Jy
2020-12-14 20:04:18	INFO	imstat::::	         -- number of points [npts]:                81140
2020-12-14 20:04:18	INFO	imstat::::	         -- maximum value [max]:                    0.182108 Jy/beam
2020-12-14 20:04:18	INFO	imstat::::	         -- minimum value [min]:                    0.000207313 Jy/beam
2020-12-14 20:04:18	INFO	imstat::::	         -- position of max value (pixel) [maxpos]: [1106, 1418, 0, 0]
2020-12-14 20:04:18	INFO	imstat::::	         -- position of min value (pixel) [minpos]: [1276, 1305, 0, 0]
2020-12-14 20:04:18	INFO	imstat::::	         -- position of max value (world) [maxposf]: 23:21:17.238, +61.14.51.407, 9510908420.25Hz, I
2020-12-14 20:04:18	INFO	imstat::::	         -- position of min value (world) [minposf]: 23:20:48.964, +61.12.36.000, 9510908420.25Hz, I
2020-12-14 20:04:18	INFO	imstat::::	         -- Sum of pixel values [sum]:               749.734 Jy/beam
2020-12-14 20:04:18	INFO	imstat::::	         -- Sum of squared pixel values [sumsq]:     20.8417 Jy/beam.Jy/beam
2020-12-14 20:04:18	INFO	imstat::::	Statistics --- 
2020-12-14 20:04:18	INFO	imstat::::	        -- Mean of the pixel values [mean]:         0.00924001 Jy/beam
2020-12-14 20:04:18	INFO	imstat::::	        -- Variance of the pixel values :           0.000171485 Jy/beam
2020-12-14 20:04:18	INFO	imstat::::	        -- Standard deviation of the Mean [sigma]:  0.0130952 Jy/beam
2020-12-14 20:04:18	INFO	imstat::::	        -- Root mean square [rms]:                  0.0160269 Jy/beam
2020-12-14 20:04:18	INFO	imstat::::	        -- Median of the pixel values [median]:     0.0048585 Jy/beam
2020-12-14 20:04:18	INFO	imstat::::	        -- Median of the deviations [medabsdevmed]: 0.0033214 Jy/beam
2020-12-14 20:04:18	INFO	imstat::::	        -- IQR [quartile]:                          0.00878412 Jy/beam
2020-12-14 20:04:18	INFO	imstat::::	        -- First quartile [q1]:                     0.00216338 Jy/beam
2020-12-14 20:04:18	INFO	imstat::::	        -- Third quartile [q3]:                     0.0109475 Jy/beam
2020-12-14 20:04:18	INFO	imstat::ImageStatsCalculator::statistics	Sum column unit = Jy/beam
2020-12-14 20:04:18	INFO	imstat::ImageStatsCalculator::statistics+	Mean column unit = Jy/beam
2020-12-14 20:04:18	INFO	imstat::ImageStatsCalculator::statistics+	Std_dev column unit = Jy/beam
2020-12-14 20:04:18	INFO	imstat::ImageStatsCalculator::statistics+	Minimum column unit = Jy/beam
2020-12-14 20:04:18	INFO	imstat::ImageStatsCalculator::statistics+	Maximum column unit = Jy/beam
2020-12-14 20:04:18	INFO	imstat::ImageStatsCalculator::statistics	Npts          Sum           Mean          Rms           Std_dev       Minimum       Maximum     
2020-12-14 20:04:18	INFO	imstat::ImageStatsCalculator::statistics	 8.114000e+04  7.497342e+02  9.240008e-03  1.602688e-02  1.309524e-02  2.073127e-04  1.821082e-01
2020-12-14 20:04:18	INFO	imstat::::	##### End Task: imstat               #####
2020-12-14 20:04:18	INFO	imstat::::+	##########################################
2020-12-14 20:04:18	INFO	imhead::::	
2020-12-14 20:04:18	INFO	imhead::::+	##########################################
2020-12-14 20:04:18	INFO	imhead::::+	##### Begin Task: imhead             #####
2020-12-14 20:04:18	INFO	imhead::::	imhead(imagename="/home/charlie/college/sophister_proj/fits/ngc7635_9-10_wide_g0.5_briggs1.050iter_inter.image.5sigmasked.fits",mode="get",hdkey="crval4",hdvalue="",verbose=False)
2020-12-14 20:04:18	INFO	imhead::::	##### End Task: imhead               #####
2020-12-14 20:04:18	INFO	imhead::::+	##########################################
2020-12-14 20:04:18	INFO	imhead::::	
2020-12-14 20:04:18	INFO	imhead::::+	##########################################
2020-12-14 20:04:18	INFO	imhead::::+	##### Begin Task: imhead             #####
2020-12-14 20:04:18	INFO	imhead::::	imhead(imagename="/home/charlie/college/sophister_proj/fits/ngc7635_10-11_wide_g0.5_briggs1.050iter_inter.image.5sigmasked.fits",mode="get",hdkey="beammajor",hdvalue="",verbose=False)
2020-12-14 20:04:18	INFO	imhead::::	##### End Task: imhead               #####
2020-12-14 20:04:18	INFO	imhead::::+	##########################################
2020-12-14 20:04:18	INFO	imhead::::	
2020-12-14 20:04:18	INFO	imhead::::+	##########################################
2020-12-14 20:04:18	INFO	imhead::::+	##### Begin Task: imhead             #####
2020-12-14 20:04:18	INFO	imhead::::	imhead(imagename="/home/charlie/college/sophister_proj/fits/ngc7635_10-11_wide_g0.5_briggs1.050iter_inter.image.5sigmasked.fits",mode="get",hdkey="beamminor",hdvalue="",verbose=False)
2020-12-14 20:04:18	INFO	imhead::::	##### End Task: imhead               #####
2020-12-14 20:04:18	INFO	imhead::::+	##########################################
2020-12-14 20:04:18	INFO	imstat::::	
2020-12-14 20:04:18	INFO	imstat::::+	##########################################
2020-12-14 20:04:18	INFO	imstat::::+	##### Begin Task: imstat             #####
2020-12-14 20:04:18	INFO	imstat::::	imstat(imagename="/home/charlie/college/sophister_proj/fits/ngc7635_10-11_wide_g0.5_briggs1.050iter_inter.image.5sigmasked.fits",axes=-1,region="",box="",chans="",
2020-12-14 20:04:18	INFO	imstat::::+	        stokes="",listit=True,verbose=True,mask="",stretch=False,
2020-12-14 20:04:18	INFO	imstat::::+	        logfile="",append=True,algorithm="classic",fence=-1,center="mean",
2020-12-14 20:04:18	INFO	imstat::::+	        lside=True,zscore=-1,maxiter=-1,clmethod="auto",niter=3)
2020-12-14 20:04:18	INFO	imstat::CasacRegionManager::fromBCS	No directional region specified. Using full positional plane.
2020-12-14 20:04:18	INFO	imstat::CasacRegionManager::fromBCS	Using all spectral channels.
2020-12-14 20:04:18	INFO	imstat::CasacRegionManager::fromBCS	Using polarizations ALL
2020-12-14 20:04:18	INFO	imstat::image::statistics 	Determining stats for image ngc7635_10-11_wide_g0.5_briggs1.050iter_inter.image.5sigmasked.fits
2020-12-14 20:04:18	INFO	imstat::ImageRegion::fromRecord	Selected bounding box : 
2020-12-14 20:04:18	INFO	imstat::ImageRegion::fromRecord+	    [0, 0, 0, 0] to [2559, 2559, 0, 0]  (23:24:18.022, +60.46.19.721, 1.04869e+10Hz, I to 23:17:12.989, +61.37.30.284, 1.04869e+10Hz, I)
2020-12-14 20:04:18	INFO	imstat::ImageStatsCalculator::_logStartup	Statistics calculated using Classic algorithm
2020-12-14 20:04:18	INFO	imstat::ImageStatsCalculator::_logStartup	Regions --- 
2020-12-14 20:04:18	INFO	imstat::ImageStatsCalculator::_logStartup	         -- bottom-left corner (pixel) [blc]:  [0, 0, 0, 0]
2020-12-14 20:04:18	INFO	imstat::ImageStatsCalculator::_logStartup	         -- top-right corner (pixel) [trc]:    [2559, 2559, 0, 0]
2020-12-14 20:04:18	INFO	imstat::ImageStatsCalculator::_logStartup	         -- bottom-left corner (world) [blcf]: 23:24:18.022, +60.46.19.721, 1.04869e+10Hz, I
2020-12-14 20:04:18	INFO	imstat::ImageStatsCalculator::_logStartup	         -- top-right corner (world) [trcf]:   23:17:12.989, +61.37.30.284, 1.04869e+10Hz, I
2020-12-14 20:04:19	INFO	imstat::::	Values --- 
2020-12-14 20:04:19	INFO	imstat::::	         -- flux density [flux]:                    5.21947 Jy
2020-12-14 20:04:19	INFO	imstat::::	         -- number of points [npts]:                73081
2020-12-14 20:04:19	INFO	imstat::::	         -- maximum value [max]:                    0.329404 Jy/beam
2020-12-14 20:04:19	INFO	imstat::::	         -- minimum value [min]:                    0.000215885 Jy/beam
2020-12-14 20:04:19	INFO	imstat::::	         -- position of max value (pixel) [maxpos]: [1116, 1413, 0, 0]
2020-12-14 20:04:19	INFO	imstat::::	         -- position of min value (pixel) [minpos]: [1265, 1295, 0, 0]
2020-12-14 20:04:19	INFO	imstat::::	         -- position of max value (world) [maxposf]: 23:21:15.574, +61.14.45.429, 1.04869e+10Hz, I
2020-12-14 20:04:19	INFO	imstat::::	         -- position of min value (world) [minposf]: 23:20:50.791, +61.12.23.999, 1.04869e+10Hz, I
2020-12-14 20:04:19	INFO	imstat::::	         -- Sum of pixel values [sum]:               804.062 Jy/beam
2020-12-14 20:04:19	INFO	imstat::::	         -- Sum of squared pixel values [sumsq]:     33.5931 Jy/beam.Jy/beam
2020-12-14 20:04:19	INFO	imstat::::	Statistics --- 
2020-12-14 20:04:19	INFO	imstat::::	        -- Mean of the pixel values [mean]:         0.0110023 Jy/beam
2020-12-14 20:04:19	INFO	imstat::::	        -- Variance of the pixel values :           0.000338622 Jy/beam
2020-12-14 20:04:19	INFO	imstat::::	        -- Standard deviation of the Mean [sigma]:  0.0184017 Jy/beam
2020-12-14 20:04:19	INFO	imstat::::	        -- Root mean square [rms]:                  0.0214399 Jy/beam
2020-12-14 20:04:19	INFO	imstat::::	        -- Median of the pixel values [median]:     0.005087 Jy/beam
2020-12-14 20:04:19	INFO	imstat::::	        -- Median of the deviations [medabsdevmed]: 0.00359647 Jy/beam
2020-12-14 20:04:19	INFO	imstat::::	        -- IQR [quartile]:                          0.0104051 Jy/beam
2020-12-14 20:04:19	INFO	imstat::::	        -- First quartile [q1]:                     0.00219408 Jy/beam
2020-12-14 20:04:19	INFO	imstat::::	        -- Third quartile [q3]:                     0.0125992 Jy/beam
2020-12-14 20:04:19	INFO	imstat::ImageStatsCalculator::statistics	Sum column unit = Jy/beam
2020-12-14 20:04:19	INFO	imstat::ImageStatsCalculator::statistics+	Mean column unit = Jy/beam
2020-12-14 20:04:19	INFO	imstat::ImageStatsCalculator::statistics+	Std_dev column unit = Jy/beam
2020-12-14 20:04:19	INFO	imstat::ImageStatsCalculator::statistics+	Minimum column unit = Jy/beam
2020-12-14 20:04:19	INFO	imstat::ImageStatsCalculator::statistics+	Maximum column unit = Jy/beam
2020-12-14 20:04:19	INFO	imstat::ImageStatsCalculator::statistics	Npts          Sum           Mean          Rms           Std_dev       Minimum       Maximum     
2020-12-14 20:04:19	INFO	imstat::ImageStatsCalculator::statistics	 7.308100e+04  8.040621e+02  1.100234e-02  2.143989e-02  1.840168e-02  2.158851e-04  3.294042e-01
2020-12-14 20:04:19	INFO	imstat::::	##### End Task: imstat               #####
2020-12-14 20:04:19	INFO	imstat::::+	##########################################
2020-12-14 20:04:19	INFO	imhead::::	
2020-12-14 20:04:19	INFO	imhead::::+	##########################################
2020-12-14 20:04:19	INFO	imhead::::+	##### Begin Task: imhead             #####
2020-12-14 20:04:19	INFO	imhead::::	imhead(imagename="/home/charlie/college/sophister_proj/fits/ngc7635_10-11_wide_g0.5_briggs1.050iter_inter.image.5sigmasked.fits",mode="get",hdkey="crval4",hdvalue="",verbose=False)
2020-12-14 20:04:19	INFO	imhead::::	##### End Task: imhead               #####
2020-12-14 20:04:19	INFO	imhead::::+	##########################################
2020-12-14 20:07:46	INFO	imhead::::	
2020-12-14 20:07:46	INFO	imhead::::+	##########################################
2020-12-14 20:07:46	INFO	imhead::::+	##### Begin Task: imhead             #####
2020-12-14 20:07:46	INFO	imhead::::	imhead(imagename="/home/charlie/college/sophister_proj/fits/ngc7635_4-5_wide_g0.5_briggs1.050iter_inter.image.5sigmasked.fits",mode="get",hdkey="beammajor",hdvalue="",verbose=False)
2020-12-14 20:07:46	INFO	imhead::::	##### End Task: imhead               #####
2020-12-14 20:07:46	INFO	imhead::::+	##########################################
2020-12-14 20:07:46	INFO	imhead::::	
2020-12-14 20:07:46	INFO	imhead::::+	##########################################
2020-12-14 20:07:46	INFO	imhead::::+	##### Begin Task: imhead             #####
2020-12-14 20:07:46	INFO	imhead::::	imhead(imagename="/home/charlie/college/sophister_proj/fits/ngc7635_4-5_wide_g0.5_briggs1.050iter_inter.image.5sigmasked.fits",mode="get",hdkey="beamminor",hdvalue="",verbose=False)
2020-12-14 20:07:46	INFO	imhead::::	##### End Task: imhead               #####
2020-12-14 20:07:46	INFO	imhead::::+	##########################################
2020-12-14 20:07:46	INFO	imstat::::	
2020-12-14 20:07:46	INFO	imstat::::+	##########################################
2020-12-14 20:07:46	INFO	imstat::::+	##### Begin Task: imstat             #####
2020-12-14 20:07:46	INFO	imstat::::	imstat(imagename="/home/charlie/college/sophister_proj/fits/ngc7635_4-5_wide_g0.5_briggs1.050iter_inter.image.5sigmasked.fits",axes=-1,region="",box="",chans="",
2020-12-14 20:07:46	INFO	imstat::::+	        stokes="",listit=True,verbose=True,mask="",stretch=False,
2020-12-14 20:07:46	INFO	imstat::::+	        logfile="",append=True,algorithm="classic",fence=-1,center="mean",
2020-12-14 20:07:46	INFO	imstat::::+	        lside=True,zscore=-1,maxiter=-1,clmethod="auto",niter=3)
2020-12-14 20:07:46	INFO	imstat::CasacRegionManager::fromBCS	No directional region specified. Using full positional plane.
2020-12-14 20:07:46	INFO	imstat::CasacRegionManager::fromBCS	Using all spectral channels.
2020-12-14 20:07:46	INFO	imstat::CasacRegionManager::fromBCS	Using polarizations ALL
2020-12-14 20:07:46	INFO	imstat::image::statistics 	Determining stats for image ngc7635_4-5_wide_g0.5_briggs1.050iter_inter.image.5sigmasked.fits
2020-12-14 20:07:46	INFO	imstat::ImageRegion::fromRecord	Selected bounding box : 
2020-12-14 20:07:46	INFO	imstat::ImageRegion::fromRecord+	    [0, 0, 0, 0] to [2559, 2559, 0, 0]  (23:24:18.022, +60.46.19.721, 4486956471.11Hz, I to 23:17:12.989, +61.37.30.284, 4486956471.11Hz, I)
2020-12-14 20:07:46	INFO	imstat::ImageStatsCalculator::_logStartup	Statistics calculated using Classic algorithm
2020-12-14 20:07:46	INFO	imstat::ImageStatsCalculator::_logStartup	Regions --- 
2020-12-14 20:07:46	INFO	imstat::ImageStatsCalculator::_logStartup	         -- bottom-left corner (pixel) [blc]:  [0, 0, 0, 0]
2020-12-14 20:07:46	INFO	imstat::ImageStatsCalculator::_logStartup	         -- top-right corner (pixel) [trc]:    [2559, 2559, 0, 0]
2020-12-14 20:07:46	INFO	imstat::ImageStatsCalculator::_logStartup	         -- bottom-left corner (world) [blcf]: 23:24:18.022, +60.46.19.721, 4486956471.11Hz, I
2020-12-14 20:07:46	INFO	imstat::ImageStatsCalculator::_logStartup	         -- top-right corner (world) [trcf]:   23:17:12.989, +61.37.30.284, 4486956471.11Hz, I
2020-12-14 20:07:46	INFO	imstat::::	Values --- 
2020-12-14 20:07:46	INFO	imstat::::	         -- flux density [flux]:                    7.57082 Jy
2020-12-14 20:07:46	INFO	imstat::::	         -- number of points [npts]:                259794
2020-12-14 20:07:46	INFO	imstat::::	         -- maximum value [max]:                    0.128856 Jy/beam
2020-12-14 20:07:46	INFO	imstat::::	         -- minimum value [min]:                    0.000203019 Jy/beam
2020-12-14 20:07:46	INFO	imstat::::	         -- position of max value (pixel) [maxpos]: [1323, 1254, 0, 0]
2020-12-14 20:07:46	INFO	imstat::::	         -- position of min value (pixel) [minpos]: [1260, 1293, 0, 0]
2020-12-14 20:07:46	INFO	imstat::::	         -- position of max value (world) [maxposf]: 23:20:41.161, +61.11.34.788, 4486956471.11Hz, I
2020-12-14 20:07:46	INFO	imstat::::	         -- position of min value (world) [minposf]: 23:20:51.622, +61.12.21.597, 4486956471.11Hz, I
2020-12-14 20:07:46	INFO	imstat::::	         -- Sum of pixel values [sum]:               1421.78 Jy/beam
2020-12-14 20:07:46	INFO	imstat::::	         -- Sum of squared pixel values [sumsq]:     26.572 Jy/beam.Jy/beam
2020-12-14 20:07:46	INFO	imstat::::	Statistics --- 
2020-12-14 20:07:46	INFO	imstat::::	        -- Mean of the pixel values [mean]:         0.00547273 Jy/beam
2020-12-14 20:07:46	INFO	imstat::::	        -- Variance of the pixel values :           7.23307e-05 Jy/beam
2020-12-14 20:07:46	INFO	imstat::::	        -- Standard deviation of the Mean [sigma]:  0.00850475 Jy/beam
2020-12-14 20:07:46	INFO	imstat::::	        -- Root mean square [rms]:                  0.0101134 Jy/beam
2020-12-14 20:07:46	INFO	imstat::::	        -- Median of the pixel values [median]:     0.0026837 Jy/beam
2020-12-14 20:07:46	INFO	imstat::::	        -- Median of the deviations [medabsdevmed]: 0.00172602 Jy/beam
2020-12-14 20:07:46	INFO	imstat::::	        -- IQR [quartile]:                          0.00485723 Jy/beam
2020-12-14 20:07:46	INFO	imstat::::	        -- First quartile [q1]:                     0.00131536 Jy/beam
2020-12-14 20:07:46	INFO	imstat::::	        -- Third quartile [q3]:                     0.00617258 Jy/beam
2020-12-14 20:07:46	INFO	imstat::ImageStatsCalculator::statistics	Sum column unit = Jy/beam
2020-12-14 20:07:46	INFO	imstat::ImageStatsCalculator::statistics+	Mean column unit = Jy/beam
2020-12-14 20:07:46	INFO	imstat::ImageStatsCalculator::statistics+	Std_dev column unit = Jy/beam
2020-12-14 20:07:46	INFO	imstat::ImageStatsCalculator::statistics+	Minimum column unit = Jy/beam
2020-12-14 20:07:46	INFO	imstat::ImageStatsCalculator::statistics+	Maximum column unit = Jy/beam
2020-12-14 20:07:46	INFO	imstat::ImageStatsCalculator::statistics	Npts          Sum           Mean          Rms           Std_dev       Minimum       Maximum     
2020-12-14 20:07:46	INFO	imstat::ImageStatsCalculator::statistics	 2.597940e+05  1.421782e+03  5.472727e-03  1.011342e-02  8.504747e-03  2.030194e-04  1.288564e-01
2020-12-14 20:07:46	INFO	imstat::::	##### End Task: imstat               #####
2020-12-14 20:07:46	INFO	imstat::::+	##########################################
2020-12-14 20:07:46	INFO	imhead::::	
2020-12-14 20:07:46	INFO	imhead::::+	##########################################
2020-12-14 20:07:46	INFO	imhead::::+	##### Begin Task: imhead             #####
2020-12-14 20:07:46	INFO	imhead::::	imhead(imagename="/home/charlie/college/sophister_proj/fits/ngc7635_4-5_wide_g0.5_briggs1.050iter_inter.image.5sigmasked.fits",mode="get",hdkey="crval4",hdvalue="",verbose=False)
2020-12-14 20:07:46	INFO	imhead::::	##### End Task: imhead               #####
2020-12-14 20:07:46	INFO	imhead::::+	##########################################
2020-12-14 20:07:46	INFO	imhead::::	
2020-12-14 20:07:46	INFO	imhead::::+	##########################################
2020-12-14 20:07:46	INFO	imhead::::+	##### Begin Task: imhead             #####
2020-12-14 20:07:46	INFO	imhead::::	imhead(imagename="/home/charlie/college/sophister_proj/fits/ngc7635_5-6_wide_g0.5_briggs1.050iter_inter.image.5sigmasked.fits",mode="get",hdkey="beammajor",hdvalue="",verbose=False)
2020-12-14 20:07:46	INFO	imhead::::	##### End Task: imhead               #####
2020-12-14 20:07:46	INFO	imhead::::+	##########################################
2020-12-14 20:07:46	INFO	imhead::::	
2020-12-14 20:07:46	INFO	imhead::::+	##########################################
2020-12-14 20:07:46	INFO	imhead::::+	##### Begin Task: imhead             #####
2020-12-14 20:07:46	INFO	imhead::::	imhead(imagename="/home/charlie/college/sophister_proj/fits/ngc7635_5-6_wide_g0.5_briggs1.050iter_inter.image.5sigmasked.fits",mode="get",hdkey="beamminor",hdvalue="",verbose=False)
2020-12-14 20:07:46	INFO	imhead::::	##### End Task: imhead               #####
2020-12-14 20:07:46	INFO	imhead::::+	##########################################
2020-12-14 20:07:46	INFO	imstat::::	
2020-12-14 20:07:46	INFO	imstat::::+	##########################################
2020-12-14 20:07:46	INFO	imstat::::+	##### Begin Task: imstat             #####
2020-12-14 20:07:46	INFO	imstat::::	imstat(imagename="/home/charlie/college/sophister_proj/fits/ngc7635_5-6_wide_g0.5_briggs1.050iter_inter.image.5sigmasked.fits",axes=-1,region="",box="",chans="",
2020-12-14 20:07:46	INFO	imstat::::+	        stokes="",listit=True,verbose=True,mask="",stretch=False,
2020-12-14 20:07:46	INFO	imstat::::+	        logfile="",append=True,algorithm="classic",fence=-1,center="mean",
2020-12-14 20:07:46	INFO	imstat::::+	        lside=True,zscore=-1,maxiter=-1,clmethod="auto",niter=3)
2020-12-14 20:07:46	INFO	imstat::CasacRegionManager::fromBCS	No directional region specified. Using full positional plane.
2020-12-14 20:07:46	INFO	imstat::CasacRegionManager::fromBCS	Using all spectral channels.
2020-12-14 20:07:46	INFO	imstat::CasacRegionManager::fromBCS	Using polarizations ALL
2020-12-14 20:07:46	INFO	imstat::image::statistics 	Determining stats for image ngc7635_5-6_wide_g0.5_briggs1.050iter_inter.image.5sigmasked.fits
2020-12-14 20:07:46	INFO	imstat::ImageRegion::fromRecord	Selected bounding box : 
2020-12-14 20:07:46	INFO	imstat::ImageRegion::fromRecord+	    [0, 0, 0, 0] to [2559, 2559, 0, 0]  (23:24:18.022, +60.46.19.721, 5510946533.33Hz, I to 23:17:12.989, +61.37.30.284, 5510946533.33Hz, I)
2020-12-14 20:07:46	INFO	imstat::ImageStatsCalculator::_logStartup	Statistics calculated using Classic algorithm
2020-12-14 20:07:46	INFO	imstat::ImageStatsCalculator::_logStartup	Regions --- 
2020-12-14 20:07:46	INFO	imstat::ImageStatsCalculator::_logStartup	         -- bottom-left corner (pixel) [blc]:  [0, 0, 0, 0]
2020-12-14 20:07:46	INFO	imstat::ImageStatsCalculator::_logStartup	         -- top-right corner (pixel) [trc]:    [2559, 2559, 0, 0]
2020-12-14 20:07:46	INFO	imstat::ImageStatsCalculator::_logStartup	         -- bottom-left corner (world) [blcf]: 23:24:18.022, +60.46.19.721, 5510946533.33Hz, I
2020-12-14 20:07:46	INFO	imstat::ImageStatsCalculator::_logStartup	         -- top-right corner (world) [trcf]:   23:17:12.989, +61.37.30.284, 5510946533.33Hz, I
2020-12-14 20:07:47	INFO	imstat::::	Values --- 
2020-12-14 20:07:47	INFO	imstat::::	         -- flux density [flux]:                    9.17756 Jy
2020-12-14 20:07:47	INFO	imstat::::	         -- number of points [npts]:                201967
2020-12-14 20:07:47	INFO	imstat::::	         -- maximum value [max]:                    0.155369 Jy/beam
2020-12-14 20:07:47	INFO	imstat::::	         -- minimum value [min]:                    0.000207832 Jy/beam
2020-12-14 20:07:47	INFO	imstat::::	         -- position of max value (pixel) [maxpos]: [888, 1225, 0, 0]
2020-12-14 20:07:47	INFO	imstat::::	         -- position of min value (pixel) [minpos]: [1276, 1314, 0, 0]
2020-12-14 20:07:47	INFO	imstat::::	         -- position of max value (world) [maxposf]: 23:21:53.361, +61.10.59.025, 5510946533.33Hz, I
2020-12-14 20:07:47	INFO	imstat::::	         -- position of min value (world) [minposf]: 23:20:48.965, +61.12.46.800, 5510946533.33Hz, I
2020-12-14 20:07:47	INFO	imstat::::	         -- Sum of pixel values [sum]:               1649.23 Jy/beam
2020-12-14 20:07:47	INFO	imstat::::	         -- Sum of squared pixel values [sumsq]:     40.5282 Jy/beam.Jy/beam
2020-12-14 20:07:47	INFO	imstat::::	Statistics --- 
2020-12-14 20:07:47	INFO	imstat::::	        -- Mean of the pixel values [mean]:         0.00816583 Jy/beam
2020-12-14 20:07:47	INFO	imstat::::	        -- Variance of the pixel values :           0.000133987 Jy/beam
2020-12-14 20:07:47	INFO	imstat::::	        -- Standard deviation of the Mean [sigma]:  0.0115753 Jy/beam
2020-12-14 20:07:47	INFO	imstat::::	        -- Root mean square [rms]:                  0.0141657 Jy/beam
2020-12-14 20:07:47	INFO	imstat::::	        -- Median of the pixel values [median]:     0.00402021 Jy/beam
2020-12-14 20:07:47	INFO	imstat::::	        -- Median of the deviations [medabsdevmed]: 0.00263823 Jy/beam
2020-12-14 20:07:47	INFO	imstat::::	        -- IQR [quartile]:                          0.0074246 Jy/beam
2020-12-14 20:07:47	INFO	imstat::::	        -- First quartile [q1]:                     0.00192418 Jy/beam
2020-12-14 20:07:47	INFO	imstat::::	        -- Third quartile [q3]:                     0.00934878 Jy/beam
2020-12-14 20:07:47	INFO	imstat::ImageStatsCalculator::statistics	Sum column unit = Jy/beam
2020-12-14 20:07:47	INFO	imstat::ImageStatsCalculator::statistics+	Mean column unit = Jy/beam
2020-12-14 20:07:47	INFO	imstat::ImageStatsCalculator::statistics+	Std_dev column unit = Jy/beam
2020-12-14 20:07:47	INFO	imstat::ImageStatsCalculator::statistics+	Minimum column unit = Jy/beam
2020-12-14 20:07:47	INFO	imstat::ImageStatsCalculator::statistics+	Maximum column unit = Jy/beam
2020-12-14 20:07:47	INFO	imstat::ImageStatsCalculator::statistics	Npts          Sum           Mean          Rms           Std_dev       Minimum       Maximum     
2020-12-14 20:07:47	INFO	imstat::ImageStatsCalculator::statistics	 2.019670e+05  1.649229e+03  8.165834e-03  1.416571e-02  1.157529e-02  2.078319e-04  1.553691e-01
2020-12-14 20:07:47	INFO	imstat::::	##### End Task: imstat               #####
2020-12-14 20:07:47	INFO	imstat::::+	##########################################
2020-12-14 20:07:47	INFO	imhead::::	
2020-12-14 20:07:47	INFO	imhead::::+	##########################################
2020-12-14 20:07:47	INFO	imhead::::+	##### Begin Task: imhead             #####
2020-12-14 20:07:47	INFO	imhead::::	imhead(imagename="/home/charlie/college/sophister_proj/fits/ngc7635_5-6_wide_g0.5_briggs1.050iter_inter.image.5sigmasked.fits",mode="get",hdkey="crval4",hdvalue="",verbose=False)
2020-12-14 20:07:47	INFO	imhead::::	##### End Task: imhead               #####
2020-12-14 20:07:47	INFO	imhead::::+	##########################################
2020-12-14 20:07:47	INFO	imhead::::	
2020-12-14 20:07:47	INFO	imhead::::+	##########################################
2020-12-14 20:07:47	INFO	imhead::::+	##### Begin Task: imhead             #####
2020-12-14 20:07:47	INFO	imhead::::	imhead(imagename="/home/charlie/college/sophister_proj/fits/ngc7635_6-7_wide_g0.5_briggs1.050iter_inter.image.5sigmasked.fits",mode="get",hdkey="beammajor",hdvalue="",verbose=False)
2020-12-14 20:07:47	INFO	imhead::::	##### End Task: imhead               #####
2020-12-14 20:07:47	INFO	imhead::::+	##########################################
2020-12-14 20:07:47	INFO	imhead::::	
2020-12-14 20:07:47	INFO	imhead::::+	##########################################
2020-12-14 20:07:47	INFO	imhead::::+	##### Begin Task: imhead             #####
2020-12-14 20:07:47	INFO	imhead::::	imhead(imagename="/home/charlie/college/sophister_proj/fits/ngc7635_6-7_wide_g0.5_briggs1.050iter_inter.image.5sigmasked.fits",mode="get",hdkey="beamminor",hdvalue="",verbose=False)
2020-12-14 20:07:47	INFO	imhead::::	##### End Task: imhead               #####
2020-12-14 20:07:47	INFO	imhead::::+	##########################################
2020-12-14 20:07:47	INFO	imstat::::	
2020-12-14 20:07:47	INFO	imstat::::+	##########################################
2020-12-14 20:07:47	INFO	imstat::::+	##### Begin Task: imstat             #####
2020-12-14 20:07:47	INFO	imstat::::	imstat(imagename="/home/charlie/college/sophister_proj/fits/ngc7635_6-7_wide_g0.5_briggs1.050iter_inter.image.5sigmasked.fits",axes=-1,region="",box="",chans="",
2020-12-14 20:07:47	INFO	imstat::::+	        stokes="",listit=True,verbose=True,mask="",stretch=False,
2020-12-14 20:07:47	INFO	imstat::::+	        logfile="",append=True,algorithm="classic",fence=-1,center="mean",
2020-12-14 20:07:47	INFO	imstat::::+	        lside=True,zscore=-1,maxiter=-1,clmethod="auto",niter=3)
2020-12-14 20:07:47	INFO	imstat::CasacRegionManager::fromBCS	No directional region specified. Using full positional plane.
2020-12-14 20:07:47	INFO	imstat::CasacRegionManager::fromBCS	Using all spectral channels.
2020-12-14 20:07:47	INFO	imstat::CasacRegionManager::fromBCS	Using polarizations ALL
2020-12-14 20:07:47	INFO	imstat::image::statistics 	Determining stats for image ngc7635_6-7_wide_g0.5_briggs1.050iter_inter.image.5sigmasked.fits
2020-12-14 20:07:47	INFO	imstat::ImageRegion::fromRecord	Selected bounding box : 
2020-12-14 20:07:47	INFO	imstat::ImageRegion::fromRecord+	    [0, 0, 0, 0] to [2559, 2559, 0, 0]  (23:24:18.022, +60.46.19.721, 6486937061.38Hz, I to 23:17:12.989, +61.37.30.284, 6486937061.38Hz, I)
2020-12-14 20:07:47	INFO	imstat::ImageStatsCalculator::_logStartup	Statistics calculated using Classic algorithm
2020-12-14 20:07:47	INFO	imstat::ImageStatsCalculator::_logStartup	Regions --- 
2020-12-14 20:07:47	INFO	imstat::ImageStatsCalculator::_logStartup	         -- bottom-left corner (pixel) [blc]:  [0, 0, 0, 0]
2020-12-14 20:07:47	INFO	imstat::ImageStatsCalculator::_logStartup	         -- top-right corner (pixel) [trc]:    [2559, 2559, 0, 0]
2020-12-14 20:07:47	INFO	imstat::ImageStatsCalculator::_logStartup	         -- bottom-left corner (world) [blcf]: 23:24:18.022, +60.46.19.721, 6486937061.38Hz, I
2020-12-14 20:07:47	INFO	imstat::ImageStatsCalculator::_logStartup	         -- top-right corner (world) [trcf]:   23:17:12.989, +61.37.30.284, 6486937061.38Hz, I
2020-12-14 20:07:47	INFO	imstat::::	Values --- 
2020-12-14 20:07:47	INFO	imstat::::	         -- flux density [flux]:                    7.03477 Jy
2020-12-14 20:07:47	INFO	imstat::::	         -- number of points [npts]:                134388
2020-12-14 20:07:47	INFO	imstat::::	         -- maximum value [max]:                    0.197669 Jy/beam
2020-12-14 20:07:47	INFO	imstat::::	         -- minimum value [min]:                    0.000205913 Jy/beam
2020-12-14 20:07:47	INFO	imstat::::	         -- position of max value (pixel) [maxpos]: [968, 1225, 0, 0]
2020-12-14 20:07:47	INFO	imstat::::	         -- position of min value (pixel) [minpos]: [1294, 1298, 0, 0]
2020-12-14 20:07:47	INFO	imstat::::	         -- position of max value (world) [maxposf]: 23:21:40.083, +61.10.59.382, 6486937061.38Hz, I
2020-12-14 20:07:47	INFO	imstat::::	         -- position of min value (world) [minposf]: 23:20:45.975, +61.12.27.599, 6486937061.38Hz, I
2020-12-14 20:07:47	INFO	imstat::::	         -- Sum of pixel values [sum]:               1192.91 Jy/beam
2020-12-14 20:07:47	INFO	imstat::::	         -- Sum of squared pixel values [sumsq]:     36.6928 Jy/beam.Jy/beam
2020-12-14 20:07:47	INFO	imstat::::	Statistics --- 
2020-12-14 20:07:47	INFO	imstat::::	        -- Mean of the pixel values [mean]:         0.00887663 Jy/beam
2020-12-14 20:07:47	INFO	imstat::::	        -- Variance of the pixel values :           0.000194243 Jy/beam
2020-12-14 20:07:47	INFO	imstat::::	        -- Standard deviation of the Mean [sigma]:  0.0139371 Jy/beam
2020-12-14 20:07:47	INFO	imstat::::	        -- Root mean square [rms]:                  0.0165238 Jy/beam
2020-12-14 20:07:47	INFO	imstat::::	        -- Median of the pixel values [median]:     0.00443195 Jy/beam
2020-12-14 20:07:47	INFO	imstat::::	        -- Median of the deviations [medabsdevmed]: 0.00301689 Jy/beam
2020-12-14 20:07:47	INFO	imstat::::	        -- IQR [quartile]:                          0.00821009 Jy/beam
2020-12-14 20:07:47	INFO	imstat::::	        -- First quartile [q1]:                     0.00205494 Jy/beam
2020-12-14 20:07:47	INFO	imstat::::	        -- Third quartile [q3]:                     0.010265 Jy/beam
2020-12-14 20:07:47	INFO	imstat::ImageStatsCalculator::statistics	Sum column unit = Jy/beam
2020-12-14 20:07:47	INFO	imstat::ImageStatsCalculator::statistics+	Mean column unit = Jy/beam
2020-12-14 20:07:47	INFO	imstat::ImageStatsCalculator::statistics+	Std_dev column unit = Jy/beam
2020-12-14 20:07:47	INFO	imstat::ImageStatsCalculator::statistics+	Minimum column unit = Jy/beam
2020-12-14 20:07:47	INFO	imstat::ImageStatsCalculator::statistics+	Maximum column unit = Jy/beam
2020-12-14 20:07:47	INFO	imstat::ImageStatsCalculator::statistics	Npts          Sum           Mean          Rms           Std_dev       Minimum       Maximum     
2020-12-14 20:07:47	INFO	imstat::ImageStatsCalculator::statistics	 1.343880e+05  1.192912e+03  8.876629e-03  1.652382e-02  1.393712e-02  2.059133e-04  1.976692e-01
2020-12-14 20:07:47	INFO	imstat::::	##### End Task: imstat               #####
2020-12-14 20:07:47	INFO	imstat::::+	##########################################
2020-12-14 20:07:47	INFO	imhead::::	
2020-12-14 20:07:47	INFO	imhead::::+	##########################################
2020-12-14 20:07:47	INFO	imhead::::+	##### Begin Task: imhead             #####
2020-12-14 20:07:47	INFO	imhead::::	imhead(imagename="/home/charlie/college/sophister_proj/fits/ngc7635_6-7_wide_g0.5_briggs1.050iter_inter.image.5sigmasked.fits",mode="get",hdkey="crval4",hdvalue="",verbose=False)
2020-12-14 20:07:47	INFO	imhead::::	##### End Task: imhead               #####
2020-12-14 20:07:47	INFO	imhead::::+	##########################################
2020-12-14 20:07:47	INFO	imhead::::	
2020-12-14 20:07:47	INFO	imhead::::+	##########################################
2020-12-14 20:07:47	INFO	imhead::::+	##### Begin Task: imhead             #####
2020-12-14 20:07:47	INFO	imhead::::	imhead(imagename="/home/charlie/college/sophister_proj/fits/ngc7635_8-9_wide_g0.5_briggs1.050iter_inter.image.5sigmasked.fits",mode="get",hdkey="beammajor",hdvalue="",verbose=False)
2020-12-14 20:07:47	INFO	imhead::::	##### End Task: imhead               #####
2020-12-14 20:07:47	INFO	imhead::::+	##########################################
2020-12-14 20:07:47	INFO	imhead::::	
2020-12-14 20:07:47	INFO	imhead::::+	##########################################
2020-12-14 20:07:47	INFO	imhead::::+	##### Begin Task: imhead             #####
2020-12-14 20:07:47	INFO	imhead::::	imhead(imagename="/home/charlie/college/sophister_proj/fits/ngc7635_8-9_wide_g0.5_briggs1.050iter_inter.image.5sigmasked.fits",mode="get",hdkey="beamminor",hdvalue="",verbose=False)
2020-12-14 20:07:47	INFO	imhead::::	##### End Task: imhead               #####
2020-12-14 20:07:47	INFO	imhead::::+	##########################################
2020-12-14 20:07:47	INFO	imstat::::	
2020-12-14 20:07:47	INFO	imstat::::+	##########################################
2020-12-14 20:07:47	INFO	imstat::::+	##### Begin Task: imstat             #####
2020-12-14 20:07:47	INFO	imstat::::	imstat(imagename="/home/charlie/college/sophister_proj/fits/ngc7635_8-9_wide_g0.5_briggs1.050iter_inter.image.5sigmasked.fits",axes=-1,region="",box="",chans="",
2020-12-14 20:07:47	INFO	imstat::::+	        stokes="",listit=True,verbose=True,mask="",stretch=False,
2020-12-14 20:07:47	INFO	imstat::::+	        logfile="",append=True,algorithm="classic",fence=-1,center="mean",
2020-12-14 20:07:47	INFO	imstat::::+	        lside=True,zscore=-1,maxiter=-1,clmethod="auto",niter=3)
2020-12-14 20:07:47	INFO	imstat::CasacRegionManager::fromBCS	No directional region specified. Using full positional plane.
2020-12-14 20:07:47	INFO	imstat::CasacRegionManager::fromBCS	Using all spectral channels.
2020-12-14 20:07:47	INFO	imstat::CasacRegionManager::fromBCS	Using polarizations ALL
2020-12-14 20:07:47	INFO	imstat::image::statistics 	Determining stats for image ngc7635_8-9_wide_g0.5_briggs1.050iter_inter.image.5sigmasked.fits
2020-12-14 20:07:47	INFO	imstat::ImageRegion::fromRecord	Selected bounding box : 
2020-12-14 20:07:47	INFO	imstat::ImageRegion::fromRecord+	    [0, 0, 0, 0] to [2559, 2559, 0, 0]  (23:24:18.022, +60.46.19.721, 8486918282.03Hz, I to 23:17:12.989, +61.37.30.284, 8486918282.03Hz, I)
2020-12-14 20:07:47	INFO	imstat::ImageStatsCalculator::_logStartup	Statistics calculated using Classic algorithm
2020-12-14 20:07:47	INFO	imstat::ImageStatsCalculator::_logStartup	Regions --- 
2020-12-14 20:07:47	INFO	imstat::ImageStatsCalculator::_logStartup	         -- bottom-left corner (pixel) [blc]:  [0, 0, 0, 0]
2020-12-14 20:07:47	INFO	imstat::ImageStatsCalculator::_logStartup	         -- top-right corner (pixel) [trc]:    [2559, 2559, 0, 0]
2020-12-14 20:07:47	INFO	imstat::ImageStatsCalculator::_logStartup	         -- bottom-left corner (world) [blcf]: 23:24:18.022, +60.46.19.721, 8486918282.03Hz, I
2020-12-14 20:07:47	INFO	imstat::ImageStatsCalculator::_logStartup	         -- top-right corner (world) [trcf]:   23:17:12.989, +61.37.30.284, 8486918282.03Hz, I
2020-12-14 20:07:48	INFO	imstat::::	Values --- 
2020-12-14 20:07:48	INFO	imstat::::	         -- flux density [flux]:                    6.25178 Jy
2020-12-14 20:07:48	INFO	imstat::::	         -- number of points [npts]:                96488
2020-12-14 20:07:48	INFO	imstat::::	         -- maximum value [max]:                    0.249542 Jy/beam
2020-12-14 20:07:48	INFO	imstat::::	         -- minimum value [min]:                    0.000208718 Jy/beam
2020-12-14 20:07:48	INFO	imstat::::	         -- position of max value (pixel) [maxpos]: [1533, 1291, 0, 0]
2020-12-14 20:07:48	INFO	imstat::::	         -- position of min value (pixel) [minpos]: [1273, 1297, 0, 0]
2020-12-14 20:07:48	INFO	imstat::::	         -- position of max value (world) [maxposf]: 23:20:06.280, +61.12.18.793, 8486918282.03Hz, I
2020-12-14 20:07:48	INFO	imstat::::	         -- position of min value (world) [minposf]: 23:20:49.463, +61.12.26.400, 8486918282.03Hz, I
2020-12-14 20:07:48	INFO	imstat::::	         -- Sum of pixel values [sum]:               1065.35 Jy/beam
2020-12-14 20:07:48	INFO	imstat::::	         -- Sum of squared pixel values [sumsq]:     37.1687 Jy/beam.Jy/beam
2020-12-14 20:07:48	INFO	imstat::::	Statistics --- 
2020-12-14 20:07:48	INFO	imstat::::	        -- Mean of the pixel values [mean]:         0.0110412 Jy/beam
2020-12-14 20:07:48	INFO	imstat::::	        -- Variance of the pixel values :           0.00026331 Jy/beam
2020-12-14 20:07:48	INFO	imstat::::	        -- Standard deviation of the Mean [sigma]:  0.0162268 Jy/beam
2020-12-14 20:07:48	INFO	imstat::::	        -- Root mean square [rms]:                  0.0196269 Jy/beam
2020-12-14 20:07:48	INFO	imstat::::	        -- Median of the pixel values [median]:     0.00564775 Jy/beam
2020-12-14 20:07:48	INFO	imstat::::	        -- Median of the deviations [medabsdevmed]: 0.00387167 Jy/beam
2020-12-14 20:07:48	INFO	imstat::::	        -- IQR [quartile]:                          0.0101438 Jy/beam
2020-12-14 20:07:48	INFO	imstat::::	        -- First quartile [q1]:                     0.00245847 Jy/beam
2020-12-14 20:07:48	INFO	imstat::::	        -- Third quartile [q3]:                     0.0126023 Jy/beam
2020-12-14 20:07:48	INFO	imstat::ImageStatsCalculator::statistics	Sum column unit = Jy/beam
2020-12-14 20:07:48	INFO	imstat::ImageStatsCalculator::statistics+	Mean column unit = Jy/beam
2020-12-14 20:07:48	INFO	imstat::ImageStatsCalculator::statistics+	Std_dev column unit = Jy/beam
2020-12-14 20:07:48	INFO	imstat::ImageStatsCalculator::statistics+	Minimum column unit = Jy/beam
2020-12-14 20:07:48	INFO	imstat::ImageStatsCalculator::statistics+	Maximum column unit = Jy/beam
2020-12-14 20:07:48	INFO	imstat::ImageStatsCalculator::statistics	Npts          Sum           Mean          Rms           Std_dev       Minimum       Maximum     
2020-12-14 20:07:48	INFO	imstat::ImageStatsCalculator::statistics	 9.648800e+04  1.065345e+03  1.104122e-02  1.962691e-02  1.622682e-02  2.087176e-04  2.495424e-01
2020-12-14 20:07:48	INFO	imstat::::	##### End Task: imstat               #####
2020-12-14 20:07:48	INFO	imstat::::+	##########################################
2020-12-14 20:07:48	INFO	imhead::::	
2020-12-14 20:07:48	INFO	imhead::::+	##########################################
2020-12-14 20:07:48	INFO	imhead::::+	##### Begin Task: imhead             #####
2020-12-14 20:07:48	INFO	imhead::::	imhead(imagename="/home/charlie/college/sophister_proj/fits/ngc7635_8-9_wide_g0.5_briggs1.050iter_inter.image.5sigmasked.fits",mode="get",hdkey="crval4",hdvalue="",verbose=False)
2020-12-14 20:07:48	INFO	imhead::::	##### End Task: imhead               #####
2020-12-14 20:07:48	INFO	imhead::::+	##########################################
2020-12-14 20:07:48	INFO	imhead::::	
2020-12-14 20:07:48	INFO	imhead::::+	##########################################
2020-12-14 20:07:48	INFO	imhead::::+	##### Begin Task: imhead             #####
2020-12-14 20:07:48	INFO	imhead::::	imhead(imagename="/home/charlie/college/sophister_proj/fits/ngc7635_9-10_wide_g0.5_briggs1.050iter_inter.image.5sigmasked.fits",mode="get",hdkey="beammajor",hdvalue="",verbose=False)
2020-12-14 20:07:48	INFO	imhead::::	##### End Task: imhead               #####
2020-12-14 20:07:48	INFO	imhead::::+	##########################################
2020-12-14 20:07:48	INFO	imhead::::	
2020-12-14 20:07:48	INFO	imhead::::+	##########################################
2020-12-14 20:07:48	INFO	imhead::::+	##### Begin Task: imhead             #####
2020-12-14 20:07:48	INFO	imhead::::	imhead(imagename="/home/charlie/college/sophister_proj/fits/ngc7635_9-10_wide_g0.5_briggs1.050iter_inter.image.5sigmasked.fits",mode="get",hdkey="beamminor",hdvalue="",verbose=False)
2020-12-14 20:07:48	INFO	imhead::::	##### End Task: imhead               #####
2020-12-14 20:07:48	INFO	imhead::::+	##########################################
2020-12-14 20:07:48	INFO	imstat::::	
2020-12-14 20:07:48	INFO	imstat::::+	##########################################
2020-12-14 20:07:48	INFO	imstat::::+	##### Begin Task: imstat             #####
2020-12-14 20:07:48	INFO	imstat::::	imstat(imagename="/home/charlie/college/sophister_proj/fits/ngc7635_9-10_wide_g0.5_briggs1.050iter_inter.image.5sigmasked.fits",axes=-1,region="",box="",chans="",
2020-12-14 20:07:48	INFO	imstat::::+	        stokes="",listit=True,verbose=True,mask="",stretch=False,
2020-12-14 20:07:48	INFO	imstat::::+	        logfile="",append=True,algorithm="classic",fence=-1,center="mean",
2020-12-14 20:07:48	INFO	imstat::::+	        lside=True,zscore=-1,maxiter=-1,clmethod="auto",niter=3)
2020-12-14 20:07:48	INFO	imstat::CasacRegionManager::fromBCS	No directional region specified. Using full positional plane.
2020-12-14 20:07:48	INFO	imstat::CasacRegionManager::fromBCS	Using all spectral channels.
2020-12-14 20:07:48	INFO	imstat::CasacRegionManager::fromBCS	Using polarizations ALL
2020-12-14 20:07:48	INFO	imstat::image::statistics 	Determining stats for image ngc7635_9-10_wide_g0.5_briggs1.050iter_inter.image.5sigmasked.fits
2020-12-14 20:07:48	INFO	imstat::ImageRegion::fromRecord	Selected bounding box : 
2020-12-14 20:07:48	INFO	imstat::ImageRegion::fromRecord+	    [0, 0, 0, 0] to [2559, 2559, 0, 0]  (23:24:18.022, +60.46.19.721, 9510908420.25Hz, I to 23:17:12.989, +61.37.30.284, 9510908420.25Hz, I)
2020-12-14 20:07:48	INFO	imstat::ImageStatsCalculator::_logStartup	Statistics calculated using Classic algorithm
2020-12-14 20:07:48	INFO	imstat::ImageStatsCalculator::_logStartup	Regions --- 
2020-12-14 20:07:48	INFO	imstat::ImageStatsCalculator::_logStartup	         -- bottom-left corner (pixel) [blc]:  [0, 0, 0, 0]
2020-12-14 20:07:48	INFO	imstat::ImageStatsCalculator::_logStartup	         -- top-right corner (pixel) [trc]:    [2559, 2559, 0, 0]
2020-12-14 20:07:48	INFO	imstat::ImageStatsCalculator::_logStartup	         -- bottom-left corner (world) [blcf]: 23:24:18.022, +60.46.19.721, 9510908420.25Hz, I
2020-12-14 20:07:48	INFO	imstat::ImageStatsCalculator::_logStartup	         -- top-right corner (world) [trcf]:   23:17:12.989, +61.37.30.284, 9510908420.25Hz, I
2020-12-14 20:07:48	INFO	imstat::::	Values --- 
2020-12-14 20:07:48	INFO	imstat::::	         -- flux density [flux]:                    4.65894 Jy
2020-12-14 20:07:48	INFO	imstat::::	         -- number of points [npts]:                81140
2020-12-14 20:07:48	INFO	imstat::::	         -- maximum value [max]:                    0.182108 Jy/beam
2020-12-14 20:07:48	INFO	imstat::::	         -- minimum value [min]:                    0.000207313 Jy/beam
2020-12-14 20:07:48	INFO	imstat::::	         -- position of max value (pixel) [maxpos]: [1106, 1418, 0, 0]
2020-12-14 20:07:48	INFO	imstat::::	         -- position of min value (pixel) [minpos]: [1276, 1305, 0, 0]
2020-12-14 20:07:48	INFO	imstat::::	         -- position of max value (world) [maxposf]: 23:21:17.238, +61.14.51.407, 9510908420.25Hz, I
2020-12-14 20:07:48	INFO	imstat::::	         -- position of min value (world) [minposf]: 23:20:48.964, +61.12.36.000, 9510908420.25Hz, I
2020-12-14 20:07:48	INFO	imstat::::	         -- Sum of pixel values [sum]:               749.734 Jy/beam
2020-12-14 20:07:48	INFO	imstat::::	         -- Sum of squared pixel values [sumsq]:     20.8417 Jy/beam.Jy/beam
2020-12-14 20:07:48	INFO	imstat::::	Statistics --- 
2020-12-14 20:07:48	INFO	imstat::::	        -- Mean of the pixel values [mean]:         0.00924001 Jy/beam
2020-12-14 20:07:48	INFO	imstat::::	        -- Variance of the pixel values :           0.000171485 Jy/beam
2020-12-14 20:07:48	INFO	imstat::::	        -- Standard deviation of the Mean [sigma]:  0.0130952 Jy/beam
2020-12-14 20:07:48	INFO	imstat::::	        -- Root mean square [rms]:                  0.0160269 Jy/beam
2020-12-14 20:07:48	INFO	imstat::::	        -- Median of the pixel values [median]:     0.0048585 Jy/beam
2020-12-14 20:07:48	INFO	imstat::::	        -- Median of the deviations [medabsdevmed]: 0.0033214 Jy/beam
2020-12-14 20:07:48	INFO	imstat::::	        -- IQR [quartile]:                          0.00878412 Jy/beam
2020-12-14 20:07:48	INFO	imstat::::	        -- First quartile [q1]:                     0.00216338 Jy/beam
2020-12-14 20:07:48	INFO	imstat::::	        -- Third quartile [q3]:                     0.0109475 Jy/beam
2020-12-14 20:07:48	INFO	imstat::ImageStatsCalculator::statistics	Sum column unit = Jy/beam
2020-12-14 20:07:48	INFO	imstat::ImageStatsCalculator::statistics+	Mean column unit = Jy/beam
2020-12-14 20:07:48	INFO	imstat::ImageStatsCalculator::statistics+	Std_dev column unit = Jy/beam
2020-12-14 20:07:48	INFO	imstat::ImageStatsCalculator::statistics+	Minimum column unit = Jy/beam
2020-12-14 20:07:48	INFO	imstat::ImageStatsCalculator::statistics+	Maximum column unit = Jy/beam
2020-12-14 20:07:48	INFO	imstat::ImageStatsCalculator::statistics	Npts          Sum           Mean          Rms           Std_dev       Minimum       Maximum     
2020-12-14 20:07:48	INFO	imstat::ImageStatsCalculator::statistics	 8.114000e+04  7.497342e+02  9.240008e-03  1.602688e-02  1.309524e-02  2.073127e-04  1.821082e-01
2020-12-14 20:07:48	INFO	imstat::::	##### End Task: imstat               #####
2020-12-14 20:07:48	INFO	imstat::::+	##########################################
2020-12-14 20:07:48	INFO	imhead::::	
2020-12-14 20:07:48	INFO	imhead::::+	##########################################
2020-12-14 20:07:48	INFO	imhead::::+	##### Begin Task: imhead             #####
2020-12-14 20:07:48	INFO	imhead::::	imhead(imagename="/home/charlie/college/sophister_proj/fits/ngc7635_9-10_wide_g0.5_briggs1.050iter_inter.image.5sigmasked.fits",mode="get",hdkey="crval4",hdvalue="",verbose=False)
2020-12-14 20:07:48	INFO	imhead::::	##### End Task: imhead               #####
2020-12-14 20:07:48	INFO	imhead::::+	##########################################
2020-12-14 20:07:48	INFO	imhead::::	
2020-12-14 20:07:48	INFO	imhead::::+	##########################################
2020-12-14 20:07:48	INFO	imhead::::+	##### Begin Task: imhead             #####
2020-12-14 20:07:48	INFO	imhead::::	imhead(imagename="/home/charlie/college/sophister_proj/fits/ngc7635_10-11_wide_g0.5_briggs1.050iter_inter.image.5sigmasked.fits",mode="get",hdkey="beammajor",hdvalue="",verbose=False)
2020-12-14 20:07:48	INFO	imhead::::	##### End Task: imhead               #####
2020-12-14 20:07:48	INFO	imhead::::+	##########################################
2020-12-14 20:07:48	INFO	imhead::::	
2020-12-14 20:07:48	INFO	imhead::::+	##########################################
2020-12-14 20:07:48	INFO	imhead::::+	##### Begin Task: imhead             #####
2020-12-14 20:07:48	INFO	imhead::::	imhead(imagename="/home/charlie/college/sophister_proj/fits/ngc7635_10-11_wide_g0.5_briggs1.050iter_inter.image.5sigmasked.fits",mode="get",hdkey="beamminor",hdvalue="",verbose=False)
2020-12-14 20:07:48	INFO	imhead::::	##### End Task: imhead               #####
2020-12-14 20:07:48	INFO	imhead::::+	##########################################
2020-12-14 20:07:48	INFO	imstat::::	
2020-12-14 20:07:48	INFO	imstat::::+	##########################################
2020-12-14 20:07:48	INFO	imstat::::+	##### Begin Task: imstat             #####
2020-12-14 20:07:48	INFO	imstat::::	imstat(imagename="/home/charlie/college/sophister_proj/fits/ngc7635_10-11_wide_g0.5_briggs1.050iter_inter.image.5sigmasked.fits",axes=-1,region="",box="",chans="",
2020-12-14 20:07:48	INFO	imstat::::+	        stokes="",listit=True,verbose=True,mask="",stretch=False,
2020-12-14 20:07:48	INFO	imstat::::+	        logfile="",append=True,algorithm="classic",fence=-1,center="mean",
2020-12-14 20:07:48	INFO	imstat::::+	        lside=True,zscore=-1,maxiter=-1,clmethod="auto",niter=3)
2020-12-14 20:07:48	INFO	imstat::CasacRegionManager::fromBCS	No directional region specified. Using full positional plane.
2020-12-14 20:07:48	INFO	imstat::CasacRegionManager::fromBCS	Using all spectral channels.
2020-12-14 20:07:48	INFO	imstat::CasacRegionManager::fromBCS	Using polarizations ALL
2020-12-14 20:07:48	INFO	imstat::image::statistics 	Determining stats for image ngc7635_10-11_wide_g0.5_briggs1.050iter_inter.image.5sigmasked.fits
2020-12-14 20:07:48	INFO	imstat::ImageRegion::fromRecord	Selected bounding box : 
2020-12-14 20:07:48	INFO	imstat::ImageRegion::fromRecord+	    [0, 0, 0, 0] to [2559, 2559, 0, 0]  (23:24:18.022, +60.46.19.721, 1.04869e+10Hz, I to 23:17:12.989, +61.37.30.284, 1.04869e+10Hz, I)
2020-12-14 20:07:48	INFO	imstat::ImageStatsCalculator::_logStartup	Statistics calculated using Classic algorithm
2020-12-14 20:07:48	INFO	imstat::ImageStatsCalculator::_logStartup	Regions --- 
2020-12-14 20:07:48	INFO	imstat::ImageStatsCalculator::_logStartup	         -- bottom-left corner (pixel) [blc]:  [0, 0, 0, 0]
2020-12-14 20:07:48	INFO	imstat::ImageStatsCalculator::_logStartup	         -- top-right corner (pixel) [trc]:    [2559, 2559, 0, 0]
2020-12-14 20:07:48	INFO	imstat::ImageStatsCalculator::_logStartup	         -- bottom-left corner (world) [blcf]: 23:24:18.022, +60.46.19.721, 1.04869e+10Hz, I
2020-12-14 20:07:48	INFO	imstat::ImageStatsCalculator::_logStartup	         -- top-right corner (world) [trcf]:   23:17:12.989, +61.37.30.284, 1.04869e+10Hz, I
2020-12-14 20:07:49	INFO	imstat::::	Values --- 
2020-12-14 20:07:49	INFO	imstat::::	         -- flux density [flux]:                    5.21947 Jy
2020-12-14 20:07:49	INFO	imstat::::	         -- number of points [npts]:                73081
2020-12-14 20:07:49	INFO	imstat::::	         -- maximum value [max]:                    0.329404 Jy/beam
2020-12-14 20:07:49	INFO	imstat::::	         -- minimum value [min]:                    0.000215885 Jy/beam
2020-12-14 20:07:49	INFO	imstat::::	         -- position of max value (pixel) [maxpos]: [1116, 1413, 0, 0]
2020-12-14 20:07:49	INFO	imstat::::	         -- position of min value (pixel) [minpos]: [1265, 1295, 0, 0]
2020-12-14 20:07:49	INFO	imstat::::	         -- position of max value (world) [maxposf]: 23:21:15.574, +61.14.45.429, 1.04869e+10Hz, I
2020-12-14 20:07:49	INFO	imstat::::	         -- position of min value (world) [minposf]: 23:20:50.791, +61.12.23.999, 1.04869e+10Hz, I
2020-12-14 20:07:49	INFO	imstat::::	         -- Sum of pixel values [sum]:               804.062 Jy/beam
2020-12-14 20:07:49	INFO	imstat::::	         -- Sum of squared pixel values [sumsq]:     33.5931 Jy/beam.Jy/beam
2020-12-14 20:07:49	INFO	imstat::::	Statistics --- 
2020-12-14 20:07:49	INFO	imstat::::	        -- Mean of the pixel values [mean]:         0.0110023 Jy/beam
2020-12-14 20:07:49	INFO	imstat::::	        -- Variance of the pixel values :           0.000338622 Jy/beam
2020-12-14 20:07:49	INFO	imstat::::	        -- Standard deviation of the Mean [sigma]:  0.0184017 Jy/beam
2020-12-14 20:07:49	INFO	imstat::::	        -- Root mean square [rms]:                  0.0214399 Jy/beam
2020-12-14 20:07:49	INFO	imstat::::	        -- Median of the pixel values [median]:     0.005087 Jy/beam
2020-12-14 20:07:49	INFO	imstat::::	        -- Median of the deviations [medabsdevmed]: 0.00359647 Jy/beam
2020-12-14 20:07:49	INFO	imstat::::	        -- IQR [quartile]:                          0.0104051 Jy/beam
2020-12-14 20:07:49	INFO	imstat::::	        -- First quartile [q1]:                     0.00219408 Jy/beam
2020-12-14 20:07:49	INFO	imstat::::	        -- Third quartile [q3]:                     0.0125992 Jy/beam
2020-12-14 20:07:49	INFO	imstat::ImageStatsCalculator::statistics	Sum column unit = Jy/beam
2020-12-14 20:07:49	INFO	imstat::ImageStatsCalculator::statistics+	Mean column unit = Jy/beam
2020-12-14 20:07:49	INFO	imstat::ImageStatsCalculator::statistics+	Std_dev column unit = Jy/beam
2020-12-14 20:07:49	INFO	imstat::ImageStatsCalculator::statistics+	Minimum column unit = Jy/beam
2020-12-14 20:07:49	INFO	imstat::ImageStatsCalculator::statistics+	Maximum column unit = Jy/beam
2020-12-14 20:07:49	INFO	imstat::ImageStatsCalculator::statistics	Npts          Sum           Mean          Rms           Std_dev       Minimum       Maximum     
2020-12-14 20:07:49	INFO	imstat::ImageStatsCalculator::statistics	 7.308100e+04  8.040621e+02  1.100234e-02  2.143989e-02  1.840168e-02  2.158851e-04  3.294042e-01
2020-12-14 20:07:49	INFO	imstat::::	##### End Task: imstat               #####
2020-12-14 20:07:49	INFO	imstat::::+	##########################################
2020-12-14 20:07:49	INFO	imhead::::	
2020-12-14 20:07:49	INFO	imhead::::+	##########################################
2020-12-14 20:07:49	INFO	imhead::::+	##### Begin Task: imhead             #####
2020-12-14 20:07:49	INFO	imhead::::	imhead(imagename="/home/charlie/college/sophister_proj/fits/ngc7635_10-11_wide_g0.5_briggs1.050iter_inter.image.5sigmasked.fits",mode="get",hdkey="crval4",hdvalue="",verbose=False)
2020-12-14 20:07:49	INFO	imhead::::	##### End Task: imhead               #####
2020-12-14 20:07:49	INFO	imhead::::+	##########################################
